{
"contracts/AgentProxy.sol":{"l":{"37":3,"42":26,"43":25,"45":24,"46":24,"47":24,"50":24,"55":4,"56":4,"57":4,"61":3,"62":3,"63":3,"64":2,"65":2,"69":3,"70":2,"71":2,"85":14,"86":14,"89":12,"90":12,"92":12,"93":12,"95":12,"100":7,"101":7,"102":6,"103":6,"104":3,"106":3,"107":3,"108":3,"113":17},"path":"/mnt/d/Rede/Github/mzfshark/CryptoDraw/contracts/AgentProxy.sol","s":{"1":26,"2":25,"3":24,"4":24,"5":4,"6":4,"7":3,"8":3,"9":3,"10":2,"11":3,"12":2,"13":14,"14":14,"15":12,"16":12,"17":12,"18":7,"19":7,"20":1,"21":6,"22":6,"23":3,"24":3,"25":3,"26":17},"b":{"1":[26,1],"2":[25,1],"3":[24,1],"4":[4,1],"5":[3,0],"6":[3,0],"7":[2,1],"8":[3,0],"9":[2,1],"10":[14,0],"11":[12,2],"12":[12,0],"13":[7,0],"14":[1,6],"15":[3,3],"16":[3,0]},"f":{"1":3,"2":26,"3":4,"4":3,"5":3,"6":14,"7":7,"8":17},"fnMap":{"1":{"name":"constructor","line":36,"loc":{"start":{"line":36,"column":4},"end":{"line":38,"column":4}}},"2":{"name":"registerAgent","line":41,"loc":{"start":{"line":41,"column":4},"end":{"line":51,"column":4}}},"3":{"name":"deactivateAgent","line":53,"loc":{"start":{"line":53,"column":4},"end":{"line":58,"column":4}}},"4":{"name":"updateAgentCommissionRate","line":60,"loc":{"start":{"line":60,"column":4},"end":{"line":66,"column":4}}},"5":{"name":"setDefaultCommissionRate","line":68,"loc":{"start":{"line":68,"column":4},"end":{"line":72,"column":4}}},"6":{"name":"buyTicketThroughAgent","line":84,"loc":{"start":{"line":79,"column":4},"end":{"line":96,"column":4}}},"7":{"name":"withdrawCommission","line":99,"loc":{"start":{"line":99,"column":4},"end":{"line":109,"column":4}}},"8":{"name":"getAgentInfo","line":112,"loc":{"start":{"line":112,"column":4},"end":{"line":114,"column":4}}}},"statementMap":{"1":{"start":{"line":42,"column":8},"end":{"line":42,"column":53}},"2":{"start":{"line":43,"column":8},"end":{"line":43,"column":63}},"3":{"start":{"line":45,"column":8},"end":{"line":45,"column":46}},"4":{"start":{"line":50,"column":8},"end":{"line":50,"column":51}},"5":{"start":{"line":55,"column":8},"end":{"line":55,"column":46}},"6":{"start":{"line":57,"column":8},"end":{"line":57,"column":36}},"7":{"start":{"line":61,"column":8},"end":{"line":61,"column":56}},"8":{"start":{"line":62,"column":8},"end":{"line":62,"column":46}},"9":{"start":{"line":63,"column":8},"end":{"line":63,"column":46}},"10":{"start":{"line":65,"column":8},"end":{"line":65,"column":50}},"11":{"start":{"line":69,"column":8},"end":{"line":69,"column":56}},"12":{"start":{"line":71,"column":8},"end":{"line":71,"column":50}},"13":{"start":{"line":85,"column":4},"end":{"line":85,"column":42}},"14":{"start":{"line":86,"column":4},"end":{"line":86,"column":43}},"15":{"start":{"line":89,"column":8},"end":{"line":89,"column":91}},"16":{"start":{"line":90,"column":8},"end":{"line":90,"column":55}},"17":{"start":{"line":95,"column":8},"end":{"line":95,"column":59}},"18":{"start":{"line":100,"column":8},"end":{"line":100,"column":51}},"19":{"start":{"line":101,"column":8},"end":{"line":101,"column":86}},"20":{"start":{"line":101,"column":63},"end":{"line":101,"column":85}},"21":{"start":{"line":102,"column":8},"end":{"line":102,"column":51}},"22":{"start":{"line":103,"column":8},"end":{"line":103,"column":51}},"23":{"start":{"line":106,"column":8},"end":{"line":106,"column":65}},"24":{"start":{"line":107,"column":8},"end":{"line":107,"column":36}},"25":{"start":{"line":108,"column":8},"end":{"line":108,"column":52}},"26":{"start":{"line":113,"column":8},"end":{"line":113,"column":28}}},"branchMap":{"1":{"line":41,"type":"if","locations":[{"start":{"line":41,"column":74},"end":{"line":41,"column":74}},{"start":{"line":41,"column":74},"end":{"line":41,"column":74}}]},"2":{"line":42,"type":"if","locations":[{"start":{"line":42,"column":8},"end":{"line":42,"column":8}},{"start":{"line":42,"column":8},"end":{"line":42,"column":8}}]},"3":{"line":43,"type":"if","locations":[{"start":{"line":43,"column":8},"end":{"line":43,"column":8}},{"start":{"line":43,"column":8},"end":{"line":43,"column":8}}]},"4":{"line":53,"type":"if","locations":[{"start":{"line":53,"column":53},"end":{"line":53,"column":53}},{"start":{"line":53,"column":53},"end":{"line":53,"column":53}}]},"5":{"line":60,"type":"if","locations":[{"start":{"line":60,"column":79},"end":{"line":60,"column":79}},{"start":{"line":60,"column":79},"end":{"line":60,"column":79}}]},"6":{"line":61,"type":"if","locations":[{"start":{"line":61,"column":8},"end":{"line":61,"column":8}},{"start":{"line":61,"column":8},"end":{"line":61,"column":8}}]},"7":{"line":63,"type":"if","locations":[{"start":{"line":63,"column":8},"end":{"line":63,"column":8}},{"start":{"line":63,"column":8},"end":{"line":63,"column":8}}]},"8":{"line":68,"type":"if","locations":[{"start":{"line":68,"column":63},"end":{"line":68,"column":63}},{"start":{"line":68,"column":63},"end":{"line":68,"column":63}}]},"9":{"line":69,"type":"if","locations":[{"start":{"line":69,"column":8},"end":{"line":69,"column":8}},{"start":{"line":69,"column":8},"end":{"line":69,"column":8}}]},"10":{"line":84,"type":"if","locations":[{"start":{"line":84,"column":23},"end":{"line":84,"column":23}},{"start":{"line":84,"column":23},"end":{"line":84,"column":23}}]},"11":{"line":86,"type":"if","locations":[{"start":{"line":86,"column":4},"end":{"line":86,"column":4}},{"start":{"line":86,"column":4},"end":{"line":86,"column":4}}]},"12":{"line":89,"type":"if","locations":[{"start":{"line":89,"column":48},"end":{"line":89,"column":66}},{"start":{"line":89,"column":70},"end":{"line":89,"column":90}}]},"13":{"line":99,"type":"if","locations":[{"start":{"line":99,"column":43},"end":{"line":99,"column":43}},{"start":{"line":99,"column":43},"end":{"line":99,"column":43}}]},"14":{"line":101,"type":"if","locations":[{"start":{"line":101,"column":8},"end":{"line":101,"column":8}},{"start":{"line":101,"column":8},"end":{"line":101,"column":8}}]},"15":{"line":103,"type":"if","locations":[{"start":{"line":103,"column":8},"end":{"line":103,"column":8}},{"start":{"line":103,"column":8},"end":{"line":103,"column":8}}]},"16":{"line":107,"type":"if","locations":[{"start":{"line":107,"column":8},"end":{"line":107,"column":8}},{"start":{"line":107,"column":8},"end":{"line":107,"column":8}}]}}},
"contracts/CryptoDrawV2.sol":{"l":{"176":120,"178":0,"181":120,"182":120,"183":120,"184":120,"185":120,"186":120,"187":120,"190":120,"191":120,"192":120,"196":120,"205":120,"213":120,"242":58,"243":58,"244":57,"245":56,"246":54,"249":50,"250":50,"251":21,"252":20,"254":29,"255":27,"259":47,"260":47,"262":47,"265":45,"267":41,"268":40,"269":40,"272":40,"273":2,"274":2,"278":4,"282":44,"285":44,"294":44,"295":44,"298":44,"299":5,"300":5,"303":44,"305":44,"320":20,"321":20,"324":17,"325":9,"327":8,"330":17,"331":17,"334":17,"336":17,"348":4,"349":4,"350":4,"351":4,"352":4,"364":13,"373":13,"374":12,"376":11,"377":11,"379":11,"382":10,"383":10,"384":5,"386":5,"390":10,"392":10,"393":9,"394":9,"396":9,"404":7,"405":7,"407":6,"412":6,"413":6,"420":5,"421":5,"423":4,"426":4,"427":4,"429":4,"443":38,"444":38,"445":38,"446":38,"447":38,"458":3,"462":3,"464":1,"477":2,"493":61,"494":58,"495":58,"497":3,"499":3,"500":6,"501":3,"502":3,"503":3,"508":61,"515":2,"525":4,"526":4,"533":24,"546":2,"547":2,"548":2,"549":2,"550":2,"557":4,"564":1,"574":5,"576":4,"577":3,"578":3,"580":1,"583":4,"592":68,"593":68,"595":68,"598":68,"599":46,"601":46,"612":46,"615":68,"622":17,"623":17,"625":17,"626":17,"627":17,"628":17,"633":17,"644":10,"646":5,"647":4,"648":3,"649":2,"650":1,"653":5,"654":3,"655":2,"656":1,"657":1,"660":1,"666":2,"670":7,"674":20,"686":1,"700":5,"707":1},"path":"/mnt/d/Rede/Github/mzfshark/CryptoDraw/contracts/CryptoDrawV2.sol","s":{"1":120,"2":120,"3":120,"4":120,"5":58,"6":58,"7":57,"8":56,"9":2,"10":54,"11":50,"12":50,"13":21,"14":29,"15":47,"16":47,"17":47,"18":45,"19":41,"20":40,"21":40,"22":40,"23":2,"24":4,"25":44,"26":44,"27":5,"28":44,"29":44,"30":20,"31":20,"32":17,"33":17,"34":17,"35":4,"36":4,"37":4,"38":13,"39":13,"40":12,"41":11,"42":11,"43":11,"44":10,"45":10,"46":10,"47":10,"48":9,"49":9,"50":7,"51":7,"52":6,"53":6,"54":5,"55":5,"56":4,"57":4,"58":4,"59":38,"60":38,"61":3,"62":3,"63":2,"64":61,"65":58,"66":3,"67":3,"68":6,"69":3,"70":61,"71":2,"72":4,"73":24,"74":2,"75":2,"76":2,"77":2,"78":2,"79":4,"80":1,"81":5,"82":4,"83":3,"84":3,"85":1,"86":4,"87":68,"88":68,"89":68,"90":46,"91":68,"92":17,"93":17,"94":17,"95":17,"96":17,"97":17,"98":17,"99":10,"100":5,"101":1,"102":4,"103":1,"104":3,"105":1,"106":2,"107":1,"108":1,"109":1,"110":5,"111":2,"112":3,"113":1,"114":2,"115":1,"116":1,"117":0,"118":1,"119":0,"120":1,"121":2,"122":7,"123":20,"124":1,"125":5,"126":1},"b":{"1":[0,120],"2":[0,0],"3":[0,0],"4":[0,0],"5":[61,0],"6":[58,3],"7":[1,57],"8":[1,56],"9":[2,54],"10":[1,1],"11":[4,50],"12":[21,29],"13":[1,20],"14":[2,27],"15":[2,45],"16":[41,4],"17":[40,1],"18":[40,0],"19":[2,38],"20":[2,0],"21":[5,39],"22":[20,1],"23":[17,3],"24":[9,8],"25":[4,0],"26":[4,0],"27":[13,0],"28":[1,12],"29":[1,11],"30":[10,1],"31":[5,5],"32":[9,1],"33":[7,0],"34":[1,6],"35":[6,0],"36":[5,0],"37":[1,4],"38":[4,0],"39":[38,1],"40":[3,0],"41":[2,1],"42":[2,0],"43":[61,0],"44":[58,3],"45":[3,0],"46":[3,3],"47":[2,0],"48":[4,0],"49":[24,1],"50":[2,0],"51":[2,0],"52":[1,1],"53":[1,1],"54":[1,1],"55":[1,1],"56":[4,0],"57":[1,0],"58":[5,0],"59":[1,4],"60":[3,1],"61":[3,0],"62":[46,22],"63":[41,5],"64":[5,5],"65":[1,4],"66":[1,3],"67":[1,2],"68":[1,1],"69":[1,0],"70":[2,3],"71":[1,2],"72":[1,1],"73":[0,1],"74":[0,1],"75":[1,1]},"f":{"1":120,"2":58,"3":20,"4":4,"5":13,"6":7,"7":5,"8":38,"9":3,"10":2,"11":61,"12":2,"13":4,"14":24,"15":2,"16":4,"17":1,"18":5,"19":68,"20":17,"21":10,"22":2,"23":7,"24":20,"25":1,"26":5,"27":1},"fnMap":{"1":{"name":"constructor","line":167,"loc":{"start":{"line":167,"column":4},"end":{"line":220,"column":4}}},"2":{"name":"buyTicket","line":240,"loc":{"start":{"line":233,"column":4},"end":{"line":306,"column":4}}},"3":{"name":"closeDraw","line":318,"loc":{"start":{"line":316,"column":4},"end":{"line":337,"column":4}}},"4":{"name":"closeDrawSimple","line":346,"loc":{"start":{"line":344,"column":4},"end":{"line":353,"column":4}}},"5":{"name":"claimPrize","line":363,"loc":{"start":{"line":363,"column":4},"end":{"line":398,"column":4}}},"6":{"name":"withdrawPrize","line":403,"loc":{"start":{"line":403,"column":4},"end":{"line":414,"column":4}}},"7":{"name":"withdrawAgentCommission","line":419,"loc":{"start":{"line":419,"column":4},"end":{"line":430,"column":4}}},"8":{"name":"setGameConfig","line":442,"loc":{"start":{"line":437,"column":4},"end":{"line":448,"column":4}}},"9":{"name":"setRevenueConfig","line":455,"loc":{"start":{"line":453,"column":4},"end":{"line":465,"column":4}}},"10":{"name":"updateRevenueConfig","line":476,"loc":{"start":{"line":470,"column":4},"end":{"line":484,"column":4}}},"11":{"name":"setSupportedToken","line":491,"loc":{"start":{"line":489,"column":4},"end":{"line":509,"column":4}}},"12":{"name":"updateTokenSupport","line":514,"loc":{"start":{"line":514,"column":4},"end":{"line":516,"column":4}}},"13":{"name":"setSuspendedAgent","line":523,"loc":{"start":{"line":521,"column":4},"end":{"line":527,"column":4}}},"14":{"name":"createDraw","line":532,"loc":{"start":{"line":532,"column":4},"end":{"line":534,"column":4}}},"15":{"name":"setWallets","line":545,"loc":{"start":{"line":539,"column":4},"end":{"line":551,"column":4}}},"16":{"name":"pause","line":556,"loc":{"start":{"line":556,"column":4},"end":{"line":558,"column":4}}},"17":{"name":"unpause","line":563,"loc":{"start":{"line":563,"column":4},"end":{"line":565,"column":4}}},"18":{"name":"emergencyWithdraw","line":572,"loc":{"start":{"line":570,"column":4},"end":{"line":584,"column":4}}},"19":{"name":"_ensureDrawExists","line":591,"loc":{"start":{"line":591,"column":4},"end":{"line":616,"column":4}}},"20":{"name":"_distributeRevenue","line":621,"loc":{"start":{"line":621,"column":4},"end":{"line":634,"column":4}}},"21":{"name":"_calculatePrize","line":639,"loc":{"start":{"line":639,"column":4},"end":{"line":661,"column":4}}},"22":{"name":"getSupportedTokens","line":665,"loc":{"start":{"line":665,"column":4},"end":{"line":667,"column":4}}},"23":{"name":"getDraw","line":669,"loc":{"start":{"line":669,"column":4},"end":{"line":671,"column":4}}},"24":{"name":"getCurrentDrawId","line":673,"loc":{"start":{"line":673,"column":4},"end":{"line":675,"column":4}}},"25":{"name":"configureGame","line":685,"loc":{"start":{"line":685,"column":4},"end":{"line":687,"column":4}}},"26":{"name":"buyTicketWithToken","line":692,"loc":{"start":{"line":692,"column":4},"end":{"line":701,"column":4}}},"27":{"name":"prizeOracle","line":706,"loc":{"start":{"line":706,"column":4},"end":{"line":708,"column":4}}}},"statementMap":{"1":{"start":{"line":176,"column":8},"end":{"line":176,"column":6147}},"2":{"start":{"line":190,"column":8},"end":{"line":190,"column":49}},"3":{"start":{"line":191,"column":8},"end":{"line":191,"column":41}},"4":{"start":{"line":192,"column":8},"end":{"line":192,"column":44}},"5":{"start":{"line":242,"column":8},"end":{"line":242,"column":53}},"6":{"start":{"line":243,"column":8},"end":{"line":243,"column":52}},"7":{"start":{"line":244,"column":8},"end":{"line":244,"column":72}},"8":{"start":{"line":245,"column":8},"end":{"line":245,"column":62}},"9":{"start":{"line":245,"column":38},"end":{"line":245,"column":61}},"10":{"start":{"line":246,"column":8},"end":{"line":246,"column":82}},"11":{"start":{"line":249,"column":8},"end":{"line":249,"column":28}},"12":{"start":{"line":250,"column":8},"end":{"line":250,"column":8991}},"13":{"start":{"line":251,"column":12},"end":{"line":251,"column":87}},"14":{"start":{"line":254,"column":12},"end":{"line":254,"column":88}},"15":{"start":{"line":259,"column":8},"end":{"line":259,"column":62}},"16":{"start":{"line":260,"column":8},"end":{"line":260,"column":87}},"17":{"start":{"line":262,"column":8},"end":{"line":262,"column":74}},"18":{"start":{"line":265,"column":8},"end":{"line":265,"column":9712}},"19":{"start":{"line":267,"column":12},"end":{"line":267,"column":77}},"20":{"start":{"line":268,"column":12},"end":{"line":268,"column":76}},"21":{"start":{"line":269,"column":12},"end":{"line":269,"column":46}},"22":{"start":{"line":272,"column":12},"end":{"line":272,"column":10058}},"23":{"start":{"line":274,"column":16},"end":{"line":274,"column":48}},"24":{"start":{"line":278,"column":12},"end":{"line":278,"column":91}},"25":{"start":{"line":282,"column":8},"end":{"line":282,"column":47}},"26":{"start":{"line":298,"column":8},"end":{"line":298,"column":10932}},"27":{"start":{"line":299,"column":12},"end":{"line":299,"column":95}},"28":{"start":{"line":303,"column":8},"end":{"line":303,"column":100}},"29":{"start":{"line":305,"column":8},"end":{"line":305,"column":23}},"30":{"start":{"line":320,"column":8},"end":{"line":320,"column":47}},"31":{"start":{"line":321,"column":8},"end":{"line":321,"column":63}},"32":{"start":{"line":324,"column":8},"end":{"line":324,"column":11900}},"33":{"start":{"line":334,"column":8},"end":{"line":334,"column":39}},"34":{"start":{"line":336,"column":8},"end":{"line":336,"column":67}},"35":{"start":{"line":348,"column":8},"end":{"line":348,"column":47}},"36":{"start":{"line":349,"column":8},"end":{"line":349,"column":63}},"37":{"start":{"line":352,"column":8},"end":{"line":352,"column":37}},"38":{"start":{"line":364,"column":8},"end":{"line":364,"column":13384}},"39":{"start":{"line":373,"column":8},"end":{"line":373,"column":57}},"40":{"start":{"line":374,"column":8},"end":{"line":374,"column":88}},"41":{"start":{"line":376,"column":8},"end":{"line":376,"column":49}},"42":{"start":{"line":377,"column":8},"end":{"line":377,"column":58}},"43":{"start":{"line":379,"column":8},"end":{"line":379,"column":73}},"44":{"start":{"line":382,"column":8},"end":{"line":382,"column":21}},"45":{"start":{"line":383,"column":8},"end":{"line":383,"column":14043}},"46":{"start":{"line":390,"column":8},"end":{"line":390,"column":79}},"47":{"start":{"line":392,"column":8},"end":{"line":392,"column":14465}},"48":{"start":{"line":394,"column":12},"end":{"line":394,"column":79}},"49":{"start":{"line":396,"column":12},"end":{"line":396,"column":54}},"50":{"start":{"line":404,"column":8},"end":{"line":404,"column":57}},"51":{"start":{"line":405,"column":8},"end":{"line":405,"column":55}},"52":{"start":{"line":412,"column":8},"end":{"line":412,"column":61}},"53":{"start":{"line":413,"column":8},"end":{"line":413,"column":48}},"54":{"start":{"line":420,"column":8},"end":{"line":420,"column":57}},"55":{"start":{"line":421,"column":8},"end":{"line":421,"column":59}},"56":{"start":{"line":426,"column":8},"end":{"line":426,"column":65}},"57":{"start":{"line":427,"column":8},"end":{"line":427,"column":53}},"58":{"start":{"line":429,"column":8},"end":{"line":429,"column":56}},"59":{"start":{"line":443,"column":8},"end":{"line":443,"column":53}},"60":{"start":{"line":447,"column":8},"end":{"line":447,"column":72}},"61":{"start":{"line":458,"column":8},"end":{"line":458,"column":16721}},"62":{"start":{"line":462,"column":8},"end":{"line":462,"column":57}},"63":{"start":{"line":477,"column":8},"end":{"line":477,"column":17354}},"64":{"start":{"line":493,"column":8},"end":{"line":493,"column":17857}},"65":{"start":{"line":495,"column":12},"end":{"line":495,"column":42}},"66":{"start":{"line":496,"column":15},"end":{"line":496,"column":18007}},"67":{"start":{"line":499,"column":12},"end":{"line":499,"column":18145}},"68":{"start":{"line":500,"column":16},"end":{"line":500,"column":18225}},"69":{"start":{"line":502,"column":20},"end":{"line":502,"column":44}},"70":{"start":{"line":508,"column":8},"end":{"line":508,"column":50}},"71":{"start":{"line":515,"column":8},"end":{"line":515,"column":42}},"72":{"start":{"line":526,"column":8},"end":{"line":526,"column":49}},"73":{"start":{"line":533,"column":8},"end":{"line":533,"column":30}},"74":{"start":{"line":546,"column":8},"end":{"line":546,"column":75}},"75":{"start":{"line":547,"column":8},"end":{"line":547,"column":66}},"76":{"start":{"line":548,"column":8},"end":{"line":548,"column":66}},"77":{"start":{"line":549,"column":8},"end":{"line":549,"column":60}},"78":{"start":{"line":550,"column":8},"end":{"line":550,"column":72}},"79":{"start":{"line":557,"column":8},"end":{"line":557,"column":15}},"80":{"start":{"line":564,"column":8},"end":{"line":564,"column":17}},"81":{"start":{"line":574,"column":8},"end":{"line":574,"column":50}},"82":{"start":{"line":576,"column":8},"end":{"line":576,"column":20462}},"83":{"start":{"line":577,"column":12},"end":{"line":577,"column":57}},"84":{"start":{"line":578,"column":12},"end":{"line":578,"column":46}},"85":{"start":{"line":580,"column":12},"end":{"line":580,"column":49}},"86":{"start":{"line":583,"column":8},"end":{"line":583,"column":51}},"87":{"start":{"line":592,"column":8},"end":{"line":592,"column":53}},"88":{"start":{"line":595,"column":8},"end":{"line":595,"column":54}},"89":{"start":{"line":598,"column":8},"end":{"line":598,"column":21214}},"90":{"start":{"line":612,"column":12},"end":{"line":612,"column":81}},"91":{"start":{"line":615,"column":8},"end":{"line":615,"column":21}},"92":{"start":{"line":622,"column":8},"end":{"line":622,"column":47}},"93":{"start":{"line":623,"column":8},"end":{"line":623,"column":44}},"94":{"start":{"line":625,"column":8},"end":{"line":625,"column":79}},"95":{"start":{"line":626,"column":8},"end":{"line":626,"column":85}},"96":{"start":{"line":627,"column":8},"end":{"line":627,"column":81}},"97":{"start":{"line":628,"column":8},"end":{"line":628,"column":85}},"98":{"start":{"line":633,"column":8},"end":{"line":633,"column":90}},"99":{"start":{"line":644,"column":8},"end":{"line":644,"column":22966}},"100":{"start":{"line":646,"column":12},"end":{"line":646,"column":64}},"101":{"start":{"line":646,"column":31},"end":{"line":646,"column":64}},"102":{"start":{"line":647,"column":12},"end":{"line":647,"column":64}},"103":{"start":{"line":647,"column":31},"end":{"line":647,"column":64}},"104":{"start":{"line":648,"column":12},"end":{"line":648,"column":64}},"105":{"start":{"line":648,"column":31},"end":{"line":648,"column":64}},"106":{"start":{"line":649,"column":12},"end":{"line":649,"column":64}},"107":{"start":{"line":649,"column":31},"end":{"line":649,"column":64}},"108":{"start":{"line":650,"column":12},"end":{"line":650,"column":63}},"109":{"start":{"line":650,"column":31},"end":{"line":650,"column":63}},"110":{"start":{"line":653,"column":12},"end":{"line":653,"column":63}},"111":{"start":{"line":653,"column":30},"end":{"line":653,"column":63}},"112":{"start":{"line":654,"column":12},"end":{"line":654,"column":63}},"113":{"start":{"line":654,"column":30},"end":{"line":654,"column":63}},"114":{"start":{"line":655,"column":12},"end":{"line":655,"column":63}},"115":{"start":{"line":655,"column":30},"end":{"line":655,"column":63}},"116":{"start":{"line":656,"column":12},"end":{"line":656,"column":63}},"117":{"start":{"line":656,"column":30},"end":{"line":656,"column":63}},"118":{"start":{"line":657,"column":12},"end":{"line":657,"column":62}},"119":{"start":{"line":657,"column":30},"end":{"line":657,"column":62}},"120":{"start":{"line":660,"column":8},"end":{"line":660,"column":16}},"121":{"start":{"line":666,"column":8},"end":{"line":666,"column":34}},"122":{"start":{"line":670,"column":8},"end":{"line":670,"column":34}},"123":{"start":{"line":674,"column":8},"end":{"line":674,"column":46}},"124":{"start":{"line":686,"column":8},"end":{"line":686,"column":75}},"125":{"start":{"line":700,"column":8},"end":{"line":700,"column":96}},"126":{"start":{"line":707,"column":8},"end":{"line":707,"column":35}}},"branchMap":{"1":{"line":176,"type":"if","locations":[{"start":{"line":176,"column":8},"end":{"line":176,"column":8}},{"start":{"line":176,"column":8},"end":{"line":176,"column":8}}]},"2":{"line":176,"type":"cond-expr","locations":[{"start":{"line":176,"column":12},"end":{"line":176,"column":35}},{"start":{"line":176,"column":40},"end":{"line":176,"column":65}}]},"3":{"line":176,"type":"cond-expr","locations":[{"start":{"line":176,"column":12},"end":{"line":176,"column":65}},{"start":{"line":177,"column":12},"end":{"line":177,"column":40}}]},"4":{"line":176,"type":"cond-expr","locations":[{"start":{"line":176,"column":12},"end":{"line":177,"column":40}},{"start":{"line":177,"column":45},"end":{"line":177,"column":70}}]},"5":{"line":240,"type":"if","locations":[{"start":{"line":240,"column":21},"end":{"line":240,"column":21}},{"start":{"line":240,"column":21},"end":{"line":240,"column":21}}]},"6":{"line":240,"type":"if","locations":[{"start":{"line":240,"column":34},"end":{"line":240,"column":34}},{"start":{"line":240,"column":34},"end":{"line":240,"column":34}}]},"7":{"line":243,"type":"if","locations":[{"start":{"line":243,"column":8},"end":{"line":243,"column":8}},{"start":{"line":243,"column":8},"end":{"line":243,"column":8}}]},"8":{"line":244,"type":"if","locations":[{"start":{"line":244,"column":8},"end":{"line":244,"column":8}},{"start":{"line":244,"column":8},"end":{"line":244,"column":8}}]},"9":{"line":245,"type":"if","locations":[{"start":{"line":245,"column":8},"end":{"line":245,"column":8}},{"start":{"line":245,"column":8},"end":{"line":245,"column":8}}]},"10":{"line":245,"type":"cond-expr","locations":[{"start":{"line":245,"column":12},"end":{"line":245,"column":21}},{"start":{"line":245,"column":26},"end":{"line":245,"column":35}}]},"11":{"line":246,"type":"if","locations":[{"start":{"line":246,"column":8},"end":{"line":246,"column":8}},{"start":{"line":246,"column":8},"end":{"line":246,"column":8}}]},"12":{"line":250,"type":"if","locations":[{"start":{"line":250,"column":8},"end":{"line":250,"column":8}},{"start":{"line":250,"column":8},"end":{"line":250,"column":8}}]},"13":{"line":251,"type":"if","locations":[{"start":{"line":251,"column":12},"end":{"line":251,"column":12}},{"start":{"line":251,"column":12},"end":{"line":251,"column":12}}]},"14":{"line":254,"type":"if","locations":[{"start":{"line":254,"column":12},"end":{"line":254,"column":12}},{"start":{"line":254,"column":12},"end":{"line":254,"column":12}}]},"15":{"line":262,"type":"if","locations":[{"start":{"line":262,"column":8},"end":{"line":262,"column":8}},{"start":{"line":262,"column":8},"end":{"line":262,"column":8}}]},"16":{"line":265,"type":"if","locations":[{"start":{"line":265,"column":8},"end":{"line":265,"column":8}},{"start":{"line":265,"column":8},"end":{"line":265,"column":8}}]},"17":{"line":267,"type":"if","locations":[{"start":{"line":267,"column":12},"end":{"line":267,"column":12}},{"start":{"line":267,"column":12},"end":{"line":267,"column":12}}]},"18":{"line":269,"type":"if","locations":[{"start":{"line":269,"column":12},"end":{"line":269,"column":12}},{"start":{"line":269,"column":12},"end":{"line":269,"column":12}}]},"19":{"line":272,"type":"if","locations":[{"start":{"line":272,"column":12},"end":{"line":272,"column":12}},{"start":{"line":272,"column":12},"end":{"line":272,"column":12}}]},"20":{"line":274,"type":"if","locations":[{"start":{"line":274,"column":16},"end":{"line":274,"column":16}},{"start":{"line":274,"column":16},"end":{"line":274,"column":16}}]},"21":{"line":298,"type":"if","locations":[{"start":{"line":298,"column":8},"end":{"line":298,"column":8}},{"start":{"line":298,"column":8},"end":{"line":298,"column":8}}]},"22":{"line":318,"type":"if","locations":[{"start":{"line":318,"column":8},"end":{"line":318,"column":8}},{"start":{"line":318,"column":8},"end":{"line":318,"column":8}}]},"23":{"line":321,"type":"if","locations":[{"start":{"line":321,"column":8},"end":{"line":321,"column":8}},{"start":{"line":321,"column":8},"end":{"line":321,"column":8}}]},"24":{"line":324,"type":"if","locations":[{"start":{"line":324,"column":8},"end":{"line":324,"column":8}},{"start":{"line":324,"column":8},"end":{"line":324,"column":8}}]},"25":{"line":346,"type":"if","locations":[{"start":{"line":346,"column":8},"end":{"line":346,"column":8}},{"start":{"line":346,"column":8},"end":{"line":346,"column":8}}]},"26":{"line":349,"type":"if","locations":[{"start":{"line":349,"column":8},"end":{"line":349,"column":8}},{"start":{"line":349,"column":8},"end":{"line":349,"column":8}}]},"27":{"line":363,"type":"if","locations":[{"start":{"line":363,"column":51},"end":{"line":363,"column":51}},{"start":{"line":363,"column":51},"end":{"line":363,"column":51}}]},"28":{"line":373,"type":"if","locations":[{"start":{"line":373,"column":8},"end":{"line":373,"column":8}},{"start":{"line":373,"column":8},"end":{"line":373,"column":8}}]},"29":{"line":374,"type":"if","locations":[{"start":{"line":374,"column":8},"end":{"line":374,"column":8}},{"start":{"line":374,"column":8},"end":{"line":374,"column":8}}]},"30":{"line":379,"type":"if","locations":[{"start":{"line":379,"column":8},"end":{"line":379,"column":8}},{"start":{"line":379,"column":8},"end":{"line":379,"column":8}}]},"31":{"line":383,"type":"if","locations":[{"start":{"line":383,"column":8},"end":{"line":383,"column":8}},{"start":{"line":383,"column":8},"end":{"line":383,"column":8}}]},"32":{"line":392,"type":"if","locations":[{"start":{"line":392,"column":8},"end":{"line":392,"column":8}},{"start":{"line":392,"column":8},"end":{"line":392,"column":8}}]},"33":{"line":403,"type":"if","locations":[{"start":{"line":403,"column":36},"end":{"line":403,"column":36}},{"start":{"line":403,"column":36},"end":{"line":403,"column":36}}]},"34":{"line":405,"type":"if","locations":[{"start":{"line":405,"column":8},"end":{"line":405,"column":8}},{"start":{"line":405,"column":8},"end":{"line":405,"column":8}}]},"35":{"line":413,"type":"if","locations":[{"start":{"line":413,"column":8},"end":{"line":413,"column":8}},{"start":{"line":413,"column":8},"end":{"line":413,"column":8}}]},"36":{"line":419,"type":"if","locations":[{"start":{"line":419,"column":46},"end":{"line":419,"column":46}},{"start":{"line":419,"column":46},"end":{"line":419,"column":46}}]},"37":{"line":421,"type":"if","locations":[{"start":{"line":421,"column":8},"end":{"line":421,"column":8}},{"start":{"line":421,"column":8},"end":{"line":421,"column":8}}]},"38":{"line":427,"type":"if","locations":[{"start":{"line":427,"column":8},"end":{"line":427,"column":8}},{"start":{"line":427,"column":8},"end":{"line":427,"column":8}}]},"39":{"line":442,"type":"if","locations":[{"start":{"line":442,"column":13},"end":{"line":442,"column":13}},{"start":{"line":442,"column":13},"end":{"line":442,"column":13}}]},"40":{"line":455,"type":"if","locations":[{"start":{"line":455,"column":8},"end":{"line":455,"column":8}},{"start":{"line":455,"column":8},"end":{"line":455,"column":8}}]},"41":{"line":462,"type":"if","locations":[{"start":{"line":462,"column":8},"end":{"line":462,"column":8}},{"start":{"line":462,"column":8},"end":{"line":462,"column":8}}]},"42":{"line":476,"type":"if","locations":[{"start":{"line":476,"column":15},"end":{"line":476,"column":15}},{"start":{"line":476,"column":15},"end":{"line":476,"column":15}}]},"43":{"line":491,"type":"if","locations":[{"start":{"line":491,"column":8},"end":{"line":491,"column":8}},{"start":{"line":491,"column":8},"end":{"line":491,"column":8}}]},"44":{"line":493,"type":"if","locations":[{"start":{"line":493,"column":8},"end":{"line":493,"column":8}},{"start":{"line":493,"column":8},"end":{"line":493,"column":8}}]},"45":{"line":496,"type":"if","locations":[{"start":{"line":496,"column":15},"end":{"line":496,"column":15}},{"start":{"line":496,"column":15},"end":{"line":496,"column":15}}]},"46":{"line":500,"type":"if","locations":[{"start":{"line":500,"column":16},"end":{"line":500,"column":16}},{"start":{"line":500,"column":16},"end":{"line":500,"column":16}}]},"47":{"line":514,"type":"if","locations":[{"start":{"line":514,"column":72},"end":{"line":514,"column":72}},{"start":{"line":514,"column":72},"end":{"line":514,"column":72}}]},"48":{"line":523,"type":"if","locations":[{"start":{"line":523,"column":8},"end":{"line":523,"column":8}},{"start":{"line":523,"column":8},"end":{"line":523,"column":8}}]},"49":{"line":532,"type":"if","locations":[{"start":{"line":532,"column":46},"end":{"line":532,"column":46}},{"start":{"line":532,"column":46},"end":{"line":532,"column":46}}]},"50":{"line":545,"type":"if","locations":[{"start":{"line":545,"column":13},"end":{"line":545,"column":13}},{"start":{"line":545,"column":13},"end":{"line":545,"column":13}}]},"51":{"line":546,"type":"if","locations":[{"start":{"line":546,"column":8},"end":{"line":546,"column":8}},{"start":{"line":546,"column":8},"end":{"line":546,"column":8}}]},"52":{"line":547,"type":"if","locations":[{"start":{"line":547,"column":8},"end":{"line":547,"column":8}},{"start":{"line":547,"column":8},"end":{"line":547,"column":8}}]},"53":{"line":548,"type":"if","locations":[{"start":{"line":548,"column":8},"end":{"line":548,"column":8}},{"start":{"line":548,"column":8},"end":{"line":548,"column":8}}]},"54":{"line":549,"type":"if","locations":[{"start":{"line":549,"column":8},"end":{"line":549,"column":8}},{"start":{"line":549,"column":8},"end":{"line":549,"column":8}}]},"55":{"line":550,"type":"if","locations":[{"start":{"line":550,"column":8},"end":{"line":550,"column":8}},{"start":{"line":550,"column":8},"end":{"line":550,"column":8}}]},"56":{"line":556,"type":"if","locations":[{"start":{"line":556,"column":28},"end":{"line":556,"column":28}},{"start":{"line":556,"column":28},"end":{"line":556,"column":28}}]},"57":{"line":563,"type":"if","locations":[{"start":{"line":563,"column":30},"end":{"line":563,"column":30}},{"start":{"line":563,"column":30},"end":{"line":563,"column":30}}]},"58":{"line":572,"type":"if","locations":[{"start":{"line":572,"column":8},"end":{"line":572,"column":8}},{"start":{"line":572,"column":8},"end":{"line":572,"column":8}}]},"59":{"line":574,"type":"if","locations":[{"start":{"line":574,"column":8},"end":{"line":574,"column":8}},{"start":{"line":574,"column":8},"end":{"line":574,"column":8}}]},"60":{"line":576,"type":"if","locations":[{"start":{"line":576,"column":8},"end":{"line":576,"column":8}},{"start":{"line":576,"column":8},"end":{"line":576,"column":8}}]},"61":{"line":578,"type":"if","locations":[{"start":{"line":578,"column":12},"end":{"line":578,"column":12}},{"start":{"line":578,"column":12},"end":{"line":578,"column":12}}]},"62":{"line":598,"type":"if","locations":[{"start":{"line":598,"column":8},"end":{"line":598,"column":8}},{"start":{"line":598,"column":8},"end":{"line":598,"column":8}}]},"63":{"line":598,"type":"cond-expr","locations":[{"start":{"line":598,"column":12},"end":{"line":598,"column":46}},{"start":{"line":598,"column":51},"end":{"line":598,"column":89}}]},"64":{"line":644,"type":"if","locations":[{"start":{"line":644,"column":8},"end":{"line":644,"column":8}},{"start":{"line":644,"column":8},"end":{"line":644,"column":8}}]},"65":{"line":646,"type":"if","locations":[{"start":{"line":646,"column":12},"end":{"line":646,"column":12}},{"start":{"line":646,"column":12},"end":{"line":646,"column":12}}]},"66":{"line":647,"type":"if","locations":[{"start":{"line":647,"column":12},"end":{"line":647,"column":12}},{"start":{"line":647,"column":12},"end":{"line":647,"column":12}}]},"67":{"line":648,"type":"if","locations":[{"start":{"line":648,"column":12},"end":{"line":648,"column":12}},{"start":{"line":648,"column":12},"end":{"line":648,"column":12}}]},"68":{"line":649,"type":"if","locations":[{"start":{"line":649,"column":12},"end":{"line":649,"column":12}},{"start":{"line":649,"column":12},"end":{"line":649,"column":12}}]},"69":{"line":650,"type":"if","locations":[{"start":{"line":650,"column":12},"end":{"line":650,"column":12}},{"start":{"line":650,"column":12},"end":{"line":650,"column":12}}]},"70":{"line":653,"type":"if","locations":[{"start":{"line":653,"column":12},"end":{"line":653,"column":12}},{"start":{"line":653,"column":12},"end":{"line":653,"column":12}}]},"71":{"line":654,"type":"if","locations":[{"start":{"line":654,"column":12},"end":{"line":654,"column":12}},{"start":{"line":654,"column":12},"end":{"line":654,"column":12}}]},"72":{"line":655,"type":"if","locations":[{"start":{"line":655,"column":12},"end":{"line":655,"column":12}},{"start":{"line":655,"column":12},"end":{"line":655,"column":12}}]},"73":{"line":656,"type":"if","locations":[{"start":{"line":656,"column":12},"end":{"line":656,"column":12}},{"start":{"line":656,"column":12},"end":{"line":656,"column":12}}]},"74":{"line":657,"type":"if","locations":[{"start":{"line":657,"column":12},"end":{"line":657,"column":12}},{"start":{"line":657,"column":12},"end":{"line":657,"column":12}}]},"75":{"line":685,"type":"if","locations":[{"start":{"line":685,"column":108},"end":{"line":685,"column":108}},{"start":{"line":685,"column":108},"end":{"line":685,"column":108}}]}}},
"contracts/GameLibrary.sol":{"l":{"43":87,"45":7,"49":80,"51":80,"52":1132,"55":1132,"56":5,"60":1127,"61":1127,"62":4,"64":1123,"67":71,"80":42,"81":0,"84":42,"85":42,"87":42,"90":42,"104":19,"105":19,"106":475,"107":275,"112":19,"113":4,"117":15,"118":15,"119":15,"120":375,"121":225,"125":15,"140":6,"143":6,"144":6,"145":150,"146":76,"150":6,"166":142,"167":9,"171":133,"172":919,"173":4,"177":129,"190":91,"191":0,"194":91,"195":91,"198":91,"201":91,"214":64,"216":64,"218":436,"221":436,"222":2,"226":62,"240":5,"242":5,"244":35,"245":35,"247":35,"248":25,"252":5,"268":10,"269":10,"270":10,"273":10,"274":224,"275":224,"277":224,"280":224,"281":150,"282":150,"286":10,"300":9,"301":9,"304":9,"305":63,"306":63,"307":63,"310":9},"path":"/mnt/d/Rede/Github/mzfshark/CryptoDraw/contracts/GameLibrary.sol","s":{"1":87,"2":7,"3":80,"4":80,"5":1132,"6":1132,"7":5,"8":1127,"9":1127,"10":4,"11":71,"12":42,"13":42,"14":42,"15":19,"16":19,"17":475,"18":19,"19":15,"20":15,"21":375,"22":15,"23":6,"24":6,"25":150,"26":6,"27":142,"28":9,"29":133,"30":919,"31":4,"32":129,"33":91,"34":91,"35":91,"36":64,"37":436,"38":62,"39":5,"40":35,"41":35,"42":35,"43":5,"44":10,"45":10,"46":10,"47":224,"48":224,"49":224,"50":10,"51":9,"52":9,"53":63,"54":9},"b":{"1":[7,80],"2":[5,2],"3":[5,1127],"4":[3,2],"5":[4,1123],"6":[0,42],"7":[275,200],"8":[4,15],"9":[2,2],"10":[225,150],"11":[76,74],"12":[9,133],"13":[4,915],"14":[0,91],"15":[2,434],"16":[25,10],"17":[150,74]},"f":{"1":87,"2":42,"3":19,"4":6,"5":142,"6":91,"7":64,"8":5,"9":10,"10":9},"fnMap":{"1":{"name":"validateEasyLottoNumbers","line":37,"loc":{"start":{"line":37,"column":4},"end":{"line":68,"column":4}}},"2":{"name":"packEasyLottoNumbers","line":75,"loc":{"start":{"line":75,"column":4},"end":{"line":91,"column":4}}},"3":{"name":"unpackEasyLottoNumbers","line":98,"loc":{"start":{"line":98,"column":4},"end":{"line":126,"column":4}}},"4":{"name":"countEasyLottoMatches","line":134,"loc":{"start":{"line":134,"column":4},"end":{"line":151,"column":4}}},"5":{"name":"validateSuperSevenNumbers","line":160,"loc":{"start":{"line":160,"column":4},"end":{"line":178,"column":4}}},"6":{"name":"packSuperSevenNumbers","line":185,"loc":{"start":{"line":185,"column":4},"end":{"line":202,"column":4}}},"7":{"name":"unpackSuperSevenNumbers","line":209,"loc":{"start":{"line":209,"column":4},"end":{"line":227,"column":4}}},"8":{"name":"countSuperSevenMatches","line":235,"loc":{"start":{"line":235,"column":4},"end":{"line":253,"column":4}}},"9":{"name":"generateEasyLottoWinning","line":263,"loc":{"start":{"line":263,"column":4},"end":{"line":287,"column":4}}},"10":{"name":"generateSuperSevenWinning","line":295,"loc":{"start":{"line":295,"column":4},"end":{"line":311,"column":4}}}},"statementMap":{"1":{"start":{"line":43,"column":8},"end":{"line":43,"column":1377}},"2":{"start":{"line":45,"column":12},"end":{"line":45,"column":24}},"3":{"start":{"line":49,"column":8},"end":{"line":49,"column":26}},"4":{"start":{"line":51,"column":8},"end":{"line":51,"column":1632}},"5":{"start":{"line":52,"column":12},"end":{"line":52,"column":34}},"6":{"start":{"line":55,"column":12},"end":{"line":55,"column":1785}},"7":{"start":{"line":56,"column":16},"end":{"line":56,"column":28}},"8":{"start":{"line":60,"column":12},"end":{"line":60,"column":47}},"9":{"start":{"line":61,"column":12},"end":{"line":61,"column":2006}},"10":{"start":{"line":62,"column":16},"end":{"line":62,"column":28}},"11":{"start":{"line":67,"column":8},"end":{"line":67,"column":19}},"12":{"start":{"line":80,"column":8},"end":{"line":80,"column":2515}},"13":{"start":{"line":85,"column":8},"end":{"line":85,"column":2645}},"14":{"start":{"line":90,"column":8},"end":{"line":90,"column":21}},"15":{"start":{"line":104,"column":8},"end":{"line":104,"column":23}},"16":{"start":{"line":105,"column":8},"end":{"line":105,"column":3246}},"17":{"start":{"line":106,"column":12},"end":{"line":106,"column":3296}},"18":{"start":{"line":112,"column":8},"end":{"line":112,"column":3450}},"19":{"start":{"line":118,"column":8},"end":{"line":118,"column":23}},"20":{"start":{"line":119,"column":8},"end":{"line":119,"column":3686}},"21":{"start":{"line":120,"column":12},"end":{"line":120,"column":3736}},"22":{"start":{"line":125,"column":8},"end":{"line":125,"column":22}},"23":{"start":{"line":140,"column":8},"end":{"line":140,"column":42}},"24":{"start":{"line":144,"column":8},"end":{"line":144,"column":4474}},"25":{"start":{"line":145,"column":12},"end":{"line":145,"column":4524}},"26":{"start":{"line":150,"column":8},"end":{"line":150,"column":20}},"27":{"start":{"line":166,"column":8},"end":{"line":166,"column":5062}},"28":{"start":{"line":167,"column":12},"end":{"line":167,"column":24}},"29":{"start":{"line":171,"column":8},"end":{"line":171,"column":5208}},"30":{"start":{"line":172,"column":12},"end":{"line":172,"column":5276}},"31":{"start":{"line":173,"column":16},"end":{"line":173,"column":28}},"32":{"start":{"line":177,"column":8},"end":{"line":177,"column":19}},"33":{"start":{"line":190,"column":8},"end":{"line":190,"column":5764}},"34":{"start":{"line":195,"column":8},"end":{"line":195,"column":5895}},"35":{"start":{"line":201,"column":8},"end":{"line":201,"column":21}},"36":{"start":{"line":216,"column":8},"end":{"line":216,"column":6542}},"37":{"start":{"line":221,"column":12},"end":{"line":221,"column":6783}},"38":{"start":{"line":226,"column":8},"end":{"line":226,"column":22}},"39":{"start":{"line":242,"column":8},"end":{"line":242,"column":7361}},"40":{"start":{"line":244,"column":12},"end":{"line":244,"column":61}},"41":{"start":{"line":245,"column":12},"end":{"line":245,"column":61}},"42":{"start":{"line":247,"column":12},"end":{"line":247,"column":7616}},"43":{"start":{"line":252,"column":8},"end":{"line":252,"column":20}},"44":{"start":{"line":268,"column":8},"end":{"line":268,"column":79}},"45":{"start":{"line":270,"column":8},"end":{"line":270,"column":23}},"46":{"start":{"line":273,"column":8},"end":{"line":273,"column":8397}},"47":{"start":{"line":275,"column":12},"end":{"line":275,"column":46}},"48":{"start":{"line":277,"column":12},"end":{"line":277,"column":47}},"49":{"start":{"line":280,"column":12},"end":{"line":280,"column":8712}},"50":{"start":{"line":286,"column":8},"end":{"line":286,"column":21}},"51":{"start":{"line":300,"column":8},"end":{"line":300,"column":79}},"52":{"start":{"line":304,"column":8},"end":{"line":304,"column":9429}},"53":{"start":{"line":306,"column":12},"end":{"line":306,"column":42}},"54":{"start":{"line":310,"column":8},"end":{"line":310,"column":21}}},"branchMap":{"1":{"line":43,"type":"if","locations":[{"start":{"line":43,"column":8},"end":{"line":43,"column":8}},{"start":{"line":43,"column":8},"end":{"line":43,"column":8}}]},"2":{"line":43,"type":"cond-expr","locations":[{"start":{"line":43,"column":12},"end":{"line":43,"column":49}},{"start":{"line":44,"column":12},"end":{"line":44,"column":49}}]},"3":{"line":55,"type":"if","locations":[{"start":{"line":55,"column":12},"end":{"line":55,"column":12}},{"start":{"line":55,"column":12},"end":{"line":55,"column":12}}]},"4":{"line":55,"type":"cond-expr","locations":[{"start":{"line":55,"column":16},"end":{"line":55,"column":40}},{"start":{"line":55,"column":45},"end":{"line":55,"column":69}}]},"5":{"line":61,"type":"if","locations":[{"start":{"line":61,"column":12},"end":{"line":61,"column":12}},{"start":{"line":61,"column":12},"end":{"line":61,"column":12}}]},"6":{"line":80,"type":"if","locations":[{"start":{"line":80,"column":8},"end":{"line":80,"column":8}},{"start":{"line":80,"column":8},"end":{"line":80,"column":8}}]},"7":{"line":106,"type":"if","locations":[{"start":{"line":106,"column":12},"end":{"line":106,"column":12}},{"start":{"line":106,"column":12},"end":{"line":106,"column":12}}]},"8":{"line":112,"type":"if","locations":[{"start":{"line":112,"column":8},"end":{"line":112,"column":8}},{"start":{"line":112,"column":8},"end":{"line":112,"column":8}}]},"9":{"line":112,"type":"cond-expr","locations":[{"start":{"line":112,"column":12},"end":{"line":112,"column":40}},{"start":{"line":112,"column":45},"end":{"line":112,"column":73}}]},"10":{"line":120,"type":"if","locations":[{"start":{"line":120,"column":12},"end":{"line":120,"column":12}},{"start":{"line":120,"column":12},"end":{"line":120,"column":12}}]},"11":{"line":145,"type":"if","locations":[{"start":{"line":145,"column":12},"end":{"line":145,"column":12}},{"start":{"line":145,"column":12},"end":{"line":145,"column":12}}]},"12":{"line":166,"type":"if","locations":[{"start":{"line":166,"column":8},"end":{"line":166,"column":8}},{"start":{"line":166,"column":8},"end":{"line":166,"column":8}}]},"13":{"line":172,"type":"if","locations":[{"start":{"line":172,"column":12},"end":{"line":172,"column":12}},{"start":{"line":172,"column":12},"end":{"line":172,"column":12}}]},"14":{"line":190,"type":"if","locations":[{"start":{"line":190,"column":8},"end":{"line":190,"column":8}},{"start":{"line":190,"column":8},"end":{"line":190,"column":8}}]},"15":{"line":221,"type":"if","locations":[{"start":{"line":221,"column":12},"end":{"line":221,"column":12}},{"start":{"line":221,"column":12},"end":{"line":221,"column":12}}]},"16":{"line":247,"type":"if","locations":[{"start":{"line":247,"column":12},"end":{"line":247,"column":12}},{"start":{"line":247,"column":12},"end":{"line":247,"column":12}}]},"17":{"line":280,"type":"if","locations":[{"start":{"line":280,"column":12},"end":{"line":280,"column":12}},{"start":{"line":280,"column":12},"end":{"line":280,"column":12}}]}}},
"contracts/mocks/BandMock.sol":{"l":{"14":0,"22":4},"path":"/mnt/d/Rede/Github/mzfshark/CryptoDraw/contracts/mocks/BandMock.sol","s":{"1":4},"b":{},"f":{"1":0,"2":4},"fnMap":{"1":{"name":"setPrice","line":13,"loc":{"start":{"line":13,"column":4},"end":{"line":15,"column":4}}},"2":{"name":"getReferenceData","line":17,"loc":{"start":{"line":17,"column":4},"end":{"line":23,"column":4}}}},"statementMap":{"1":{"start":{"line":22,"column":8},"end":{"line":22,"column":112}}},"branchMap":{}},
"contracts/mocks/Mocks.sol":{"l":{"43":0,"45":0,"47":0,"58":0,"62":0,"63":0,"67":0,"68":0,"69":0,"71":0,"72":0,"86":0,"99":0,"100":0,"108":0,"113":0,"114":0,"115":0,"119":0,"120":0,"121":0,"123":0,"127":0,"146":0,"150":0,"154":0,"177":0,"179":0,"182":0,"183":0,"185":0,"187":0,"191":0,"195":7,"199":0,"200":0,"202":0,"203":0,"219":22,"227":20,"235":18,"243":0,"252":20,"260":63,"268":63,"276":0},"path":"/mnt/d/Rede/Github/mzfshark/CryptoDraw/contracts/mocks/Mocks.sol","s":{"1":0,"2":0,"3":0,"4":0,"5":0,"6":0,"7":0,"8":0,"9":0,"10":0,"11":0,"12":0,"13":0,"14":0,"15":0,"16":0,"17":0,"18":0,"19":0,"20":0,"21":0,"22":0,"23":0,"24":0,"25":0,"26":0,"27":0,"28":22,"29":20,"30":18,"31":0,"32":20,"33":63,"34":63,"35":0},"b":{"1":[0,0],"2":[0,0],"3":[0,0]},"f":{"1":0,"2":0,"3":0,"4":0,"5":0,"6":0,"7":0,"8":0,"9":0,"10":0,"11":0,"12":0,"13":0,"14":0,"15":0,"16":0,"17":0,"18":0,"19":7,"20":0,"21":22,"22":20,"23":18,"24":0,"25":20,"26":63,"27":63,"28":0},"fnMap":{"1":{"name":"constructor","line":34,"loc":{"start":{"line":34,"column":4},"end":{"line":34,"column":57}}},"2":{"name":"requestRandomWords","line":36,"loc":{"start":{"line":36,"column":4},"end":{"line":59,"column":4}}},"3":{"name":"getRequestConfig","line":61,"loc":{"start":{"line":61,"column":4},"end":{"line":64,"column":4}}},"4":{"name":"createSubscription","line":66,"loc":{"start":{"line":66,"column":4},"end":{"line":73,"column":4}}},"5":{"name":"getSubscription","line":75,"loc":{"start":{"line":75,"column":4},"end":{"line":92,"column":4}}},"6":{"name":"requestSubscriptionOwnerTransfer","line":94,"loc":{"start":{"line":94,"column":4},"end":{"line":94,"column":97}}},"7":{"name":"acceptSubscriptionOwnerTransfer","line":96,"loc":{"start":{"line":96,"column":4},"end":{"line":96,"column":78}}},"8":{"name":"addConsumer","line":98,"loc":{"start":{"line":98,"column":4},"end":{"line":101,"column":4}}},"9":{"name":"removeConsumer","line":103,"loc":{"start":{"line":103,"column":4},"end":{"line":103,"column":79}}},"10":{"name":"cancelSubscription","line":105,"loc":{"start":{"line":105,"column":4},"end":{"line":105,"column":77}}},"11":{"name":"pendingRequestExists","line":107,"loc":{"start":{"line":107,"column":4},"end":{"line":109,"column":4}}},"12":{"name":"fundSubscription","line":112,"loc":{"start":{"line":112,"column":4},"end":{"line":116,"column":4}}},"13":{"name":"fulfillRandomWords","line":118,"loc":{"start":{"line":118,"column":4},"end":{"line":128,"column":4}}},"14":{"name":"latestRoundData","line":135,"loc":{"start":{"line":135,"column":4},"end":{"line":147,"column":4}}},"15":{"name":"decimals","line":149,"loc":{"start":{"line":149,"column":4},"end":{"line":151,"column":4}}},"16":{"name":"setPrice","line":153,"loc":{"start":{"line":153,"column":4},"end":{"line":155,"column":4}}},"17":{"name":"buyTicketWithAgent","line":171,"loc":{"start":{"line":171,"column":4},"end":{"line":188,"column":4}}},"18":{"name":"getTicketPrice","line":190,"loc":{"start":{"line":190,"column":4},"end":{"line":192,"column":4}}},"19":{"name":"setTicketPrice","line":194,"loc":{"start":{"line":194,"column":4},"end":{"line":196,"column":4}}},"20":{"name":"withdrawCommission","line":198,"loc":{"start":{"line":198,"column":4},"end":{"line":204,"column":4}}},"21":{"name":"validateEasyLottoNumbers","line":214,"loc":{"start":{"line":214,"column":4},"end":{"line":220,"column":4}}},"22":{"name":"packEasyLottoNumbers","line":222,"loc":{"start":{"line":222,"column":4},"end":{"line":228,"column":4}}},"23":{"name":"unpackEasyLottoNumbers","line":230,"loc":{"start":{"line":230,"column":4},"end":{"line":236,"column":4}}},"24":{"name":"countEasyLottoMatches","line":238,"loc":{"start":{"line":238,"column":4},"end":{"line":244,"column":4}}},"25":{"name":"validateSuperSevenNumbers","line":247,"loc":{"start":{"line":247,"column":4},"end":{"line":253,"column":4}}},"26":{"name":"packSuperSevenNumbers","line":255,"loc":{"start":{"line":255,"column":4},"end":{"line":261,"column":4}}},"27":{"name":"unpackSuperSevenNumbers","line":263,"loc":{"start":{"line":263,"column":4},"end":{"line":269,"column":4}}},"28":{"name":"countSuperSevenMatches","line":271,"loc":{"start":{"line":271,"column":4},"end":{"line":277,"column":4}}}},"statementMap":{"1":{"start":{"line":43,"column":8},"end":{"line":43,"column":78}},"2":{"start":{"line":47,"column":8},"end":{"line":47,"column":1730}},"3":{"start":{"line":58,"column":8},"end":{"line":58,"column":24}},"4":{"start":{"line":62,"column":8},"end":{"line":62,"column":50}},"5":{"start":{"line":63,"column":8},"end":{"line":63,"column":29}},"6":{"start":{"line":71,"column":8},"end":{"line":71,"column":51}},"7":{"start":{"line":72,"column":8},"end":{"line":72,"column":20}},"8":{"start":{"line":86,"column":8},"end":{"line":86,"column":2762}},"9":{"start":{"line":99,"column":8},"end":{"line":99,"column":52}},"10":{"start":{"line":100,"column":8},"end":{"line":100,"column":55}},"11":{"start":{"line":108,"column":8},"end":{"line":108,"column":20}},"12":{"start":{"line":113,"column":8},"end":{"line":113,"column":56}},"13":{"start":{"line":115,"column":8},"end":{"line":115,"column":80}},"14":{"start":{"line":119,"column":8},"end":{"line":119,"column":55}},"15":{"start":{"line":123,"column":8},"end":{"line":123,"column":4274}},"16":{"start":{"line":127,"column":8},"end":{"line":127,"column":66}},"17":{"start":{"line":146,"column":8},"end":{"line":146,"column":64}},"18":{"start":{"line":150,"column":8},"end":{"line":150,"column":25}},"19":{"start":{"line":177,"column":8},"end":{"line":177,"column":75}},"20":{"start":{"line":179,"column":8},"end":{"line":179,"column":44}},"21":{"start":{"line":182,"column":8},"end":{"line":182,"column":48}},"22":{"start":{"line":185,"column":8},"end":{"line":185,"column":68}},"23":{"start":{"line":187,"column":8},"end":{"line":187,"column":23}},"24":{"start":{"line":191,"column":8},"end":{"line":191,"column":28}},"25":{"start":{"line":199,"column":8},"end":{"line":199,"column":57}},"26":{"start":{"line":200,"column":8},"end":{"line":200,"column":47}},"27":{"start":{"line":203,"column":8},"end":{"line":203,"column":47}},"28":{"start":{"line":219,"column":8},"end":{"line":219,"column":60}},"29":{"start":{"line":227,"column":8},"end":{"line":227,"column":56}},"30":{"start":{"line":235,"column":8},"end":{"line":235,"column":57}},"31":{"start":{"line":243,"column":8},"end":{"line":243,"column":66}},"32":{"start":{"line":252,"column":8},"end":{"line":252,"column":61}},"33":{"start":{"line":260,"column":8},"end":{"line":260,"column":57}},"34":{"start":{"line":268,"column":8},"end":{"line":268,"column":58}},"35":{"start":{"line":276,"column":8},"end":{"line":276,"column":67}}},"branchMap":{"1":{"line":43,"type":"if","locations":[{"start":{"line":43,"column":8},"end":{"line":43,"column":8}},{"start":{"line":43,"column":8},"end":{"line":43,"column":8}}]},"2":{"line":177,"type":"if","locations":[{"start":{"line":177,"column":8},"end":{"line":177,"column":8}},{"start":{"line":177,"column":8},"end":{"line":177,"column":8}}]},"3":{"line":200,"type":"if","locations":[{"start":{"line":200,"column":8},"end":{"line":200,"column":8}},{"start":{"line":200,"column":8},"end":{"line":200,"column":8}}]}}},
"contracts/mocks/MockToken.sol":{"l":{"14":159,"18":0,"22":13,"26":0},"path":"/mnt/d/Rede/Github/mzfshark/CryptoDraw/contracts/mocks/MockToken.sol","s":{"1":0,"2":13,"3":0},"b":{},"f":{"1":159,"2":0,"3":13,"4":0,"5":27},"fnMap":{"1":{"name":"constructor","line":13,"loc":{"start":{"line":9,"column":4},"end":{"line":15,"column":4}}},"2":{"name":"decimals","line":17,"loc":{"start":{"line":17,"column":4},"end":{"line":19,"column":4}}},"3":{"name":"mint","line":21,"loc":{"start":{"line":21,"column":4},"end":{"line":23,"column":4}}},"4":{"name":"burn","line":25,"loc":{"start":{"line":25,"column":4},"end":{"line":27,"column":4}}},"5":{"name":"constructor","line":36,"loc":{"start":{"line":32,"column":4},"end":{"line":36,"column":42}}}},"statementMap":{"1":{"start":{"line":18,"column":8},"end":{"line":18,"column":24}},"2":{"start":{"line":22,"column":8},"end":{"line":22,"column":24}},"3":{"start":{"line":26,"column":8},"end":{"line":26,"column":26}}},"branchMap":{}},
"contracts/PriceOracle.sol":{"l":{"112":101,"113":4,"115":97,"123":68,"124":68,"125":1,"126":1,"127":1,"128":0,"131":67,"132":67,"133":2,"136":66,"146":189,"149":189,"156":189,"157":189,"158":189,"175":3,"176":3,"177":1,"178":1,"180":2,"196":7,"198":6,"199":6,"200":6,"201":6,"202":0,"203":0,"207":6,"208":4,"211":2,"212":2,"215":0,"216":0,"219":6,"235":56,"237":55,"238":55,"239":55,"240":55,"241":0,"242":0,"246":55,"247":51,"250":3,"251":3,"254":1,"255":1,"258":55,"271":17,"273":16,"274":16,"276":16,"288":5,"290":4,"291":5,"292":1,"294":4,"296":3,"297":3,"299":3,"313":35,"314":34,"315":33,"317":32,"324":32,"326":32,"327":32,"343":9,"344":7,"345":6,"351":6,"358":3,"359":3,"367":4,"368":1,"370":3,"372":2,"375":2,"376":4,"377":2,"378":2,"379":2,"383":2,"391":5,"392":4,"402":2,"411":6,"412":5,"413":5,"414":2,"415":2,"416":2,"418":3,"427":3},"path":"/mnt/d/Rede/Github/mzfshark/CryptoDraw/contracts/PriceOracle.sol","s":{"1":101,"2":68,"3":68,"4":1,"5":1,"6":1,"7":67,"8":67,"9":189,"10":189,"11":189,"12":189,"13":3,"14":3,"15":1,"16":1,"17":2,"18":7,"19":6,"20":6,"21":6,"22":6,"23":0,"24":6,"25":2,"26":2,"27":0,"28":6,"29":56,"30":55,"31":55,"32":55,"33":55,"34":0,"35":55,"36":4,"37":3,"38":1,"39":55,"40":17,"41":16,"42":5,"43":4,"44":5,"45":4,"46":3,"47":35,"48":34,"49":33,"50":32,"51":32,"52":32,"53":9,"54":7,"55":6,"56":3,"57":4,"58":3,"59":2,"60":4,"61":2,"62":2,"63":5,"64":2,"65":6,"66":1,"67":5,"68":5,"69":2,"70":2,"71":2,"72":3,"73":3},"b":{"1":[4,97],"2":[1,67],"3":[0,1],"4":[0,1],"5":[2,65],"6":[0,189],"7":[4,0],"8":[3,1],"9":[1,2],"10":[8,2],"11":[7,1],"12":[1,6],"13":[0,6],"14":[4,2],"15":[2,0],"16":[56,1],"17":[56,0],"18":[1,55],"19":[0,55],"20":[51,4],"21":[3,1],"22":[18,0],"23":[17,1],"24":[1,16],"25":[5,0],"26":[4,1],"27":[1,4],"28":[1,3],"29":[35,1],"30":[34,1],"31":[33,1],"32":[1,32],"33":[9,0],"34":[9,0],"35":[2,7],"36":[6,1],"37":[3,0],"38":[3,0],"39":[4,0],"40":[1,3],"41":[2,1],"42":[2,2],"43":[5,1],"44":[4,1],"45":[1,5],"46":[2,3],"47":[0,2]},"f":{"1":101,"2":68,"3":189,"4":3,"5":7,"6":56,"7":17,"8":5,"9":35,"10":9,"11":3,"12":4,"13":5,"14":2,"15":6,"16":3},"fnMap":{"1":{"name":"onlySupportedToken","line":111,"loc":{"start":{"line":111,"column":4},"end":{"line":116,"column":4}}},"2":{"name":"notStale","line":122,"loc":{"start":{"line":122,"column":4},"end":{"line":137,"column":4}}},"3":{"name":"constructor","line":145,"loc":{"start":{"line":145,"column":4},"end":{"line":159,"column":4}}},"4":{"name":"getUSDPrice","line":172,"loc":{"start":{"line":168,"column":4},"end":{"line":181,"column":4}}},"5":{"name":"convertToUSD","line":193,"loc":{"start":{"line":189,"column":4},"end":{"line":220,"column":4}}},"6":{"name":"convertFromUSD","line":232,"loc":{"start":{"line":228,"column":4},"end":{"line":259,"column":4}}},"7":{"name":"updatePrice","line":269,"loc":{"start":{"line":266,"column":4},"end":{"line":277,"column":4}}},"8":{"name":"updatePrices","line":286,"loc":{"start":{"line":284,"column":4},"end":{"line":301,"column":4}}},"9":{"name":"addToken","line":311,"loc":{"start":{"line":309,"column":4},"end":{"line":328,"column":4}}},"10":{"name":"setBandFeed","line":342,"loc":{"start":{"line":337,"column":4},"end":{"line":352,"column":4}}},"11":{"name":"clearFeed","line":357,"loc":{"start":{"line":357,"column":4},"end":{"line":360,"column":4}}},"12":{"name":"removeToken","line":366,"loc":{"start":{"line":366,"column":4},"end":{"line":384,"column":4}}},"13":{"name":"setMaxPriceAge","line":390,"loc":{"start":{"line":390,"column":4},"end":{"line":393,"column":4}}},"14":{"name":"getSupportedTokens","line":401,"loc":{"start":{"line":401,"column":4},"end":{"line":403,"column":4}}},"15":{"name":"isPriceValid","line":410,"loc":{"start":{"line":410,"column":4},"end":{"line":419,"column":4}}},"16":{"name":"getTokenData","line":426,"loc":{"start":{"line":426,"column":4},"end":{"line":428,"column":4}}}},"statementMap":{"1":{"start":{"line":112,"column":8},"end":{"line":112,"column":3702}},"2":{"start":{"line":123,"column":8},"end":{"line":123,"column":50}},"3":{"start":{"line":124,"column":8},"end":{"line":124,"column":4046}},"4":{"start":{"line":125,"column":12},"end":{"line":125,"column":116}},"5":{"start":{"line":126,"column":12},"end":{"line":126,"column":113}},"6":{"start":{"line":127,"column":12},"end":{"line":127,"column":4336}},"7":{"start":{"line":131,"column":12},"end":{"line":131,"column":52}},"8":{"start":{"line":132,"column":12},"end":{"line":132,"column":4542}},"9":{"start":{"line":146,"column":8},"end":{"line":146,"column":70}},"10":{"start":{"line":156,"column":8},"end":{"line":156,"column":39}},"11":{"start":{"line":157,"column":8},"end":{"line":157,"column":71}},"12":{"start":{"line":158,"column":8},"end":{"line":158,"column":50}},"13":{"start":{"line":175,"column":8},"end":{"line":175,"column":50}},"14":{"start":{"line":176,"column":8},"end":{"line":176,"column":5931}},"15":{"start":{"line":177,"column":12},"end":{"line":177,"column":116}},"16":{"start":{"line":178,"column":12},"end":{"line":178,"column":26}},"17":{"start":{"line":180,"column":8},"end":{"line":180,"column":37}},"18":{"start":{"line":196,"column":8},"end":{"line":196,"column":44}},"19":{"start":{"line":198,"column":8},"end":{"line":198,"column":48}},"20":{"start":{"line":199,"column":8},"end":{"line":199,"column":46}},"21":{"start":{"line":200,"column":8},"end":{"line":200,"column":50}},"22":{"start":{"line":201,"column":8},"end":{"line":201,"column":6851}},"23":{"start":{"line":202,"column":12},"end":{"line":202,"column":116}},"24":{"start":{"line":207,"column":8},"end":{"line":207,"column":7129}},"25":{"start":{"line":209,"column":15},"end":{"line":209,"column":7221}},"26":{"start":{"line":211,"column":12},"end":{"line":211,"column":58}},"27":{"start":{"line":215,"column":12},"end":{"line":215,"column":58}},"28":{"start":{"line":219,"column":8},"end":{"line":219,"column":23}},"29":{"start":{"line":235,"column":8},"end":{"line":235,"column":47}},"30":{"start":{"line":237,"column":8},"end":{"line":237,"column":48}},"31":{"start":{"line":238,"column":8},"end":{"line":238,"column":34}},"32":{"start":{"line":239,"column":8},"end":{"line":239,"column":50}},"33":{"start":{"line":240,"column":8},"end":{"line":240,"column":8338}},"34":{"start":{"line":241,"column":12},"end":{"line":241,"column":116}},"35":{"start":{"line":246,"column":8},"end":{"line":246,"column":8595}},"36":{"start":{"line":248,"column":15},"end":{"line":248,"column":8693}},"37":{"start":{"line":250,"column":12},"end":{"line":250,"column":58}},"38":{"start":{"line":254,"column":12},"end":{"line":254,"column":58}},"39":{"start":{"line":258,"column":8},"end":{"line":258,"column":26}},"40":{"start":{"line":271,"column":8},"end":{"line":271,"column":56}},"41":{"start":{"line":276,"column":8},"end":{"line":276,"column":59}},"42":{"start":{"line":288,"column":8},"end":{"line":288,"column":72}},"43":{"start":{"line":290,"column":8},"end":{"line":290,"column":10074}},"44":{"start":{"line":291,"column":12},"end":{"line":291,"column":10137}},"45":{"start":{"line":294,"column":12},"end":{"line":294,"column":62}},"46":{"start":{"line":299,"column":12},"end":{"line":299,"column":68}},"47":{"start":{"line":313,"column":8},"end":{"line":313,"column":53}},"48":{"start":{"line":314,"column":8},"end":{"line":314,"column":70}},"49":{"start":{"line":315,"column":8},"end":{"line":315,"column":64}},"50":{"start":{"line":324,"column":8},"end":{"line":324,"column":34}},"51":{"start":{"line":326,"column":8},"end":{"line":326,"column":45}},"52":{"start":{"line":327,"column":8},"end":{"line":327,"column":63}},"53":{"start":{"line":343,"column":8},"end":{"line":343,"column":54}},"54":{"start":{"line":344,"column":8},"end":{"line":344,"column":81}},"55":{"start":{"line":351,"column":8},"end":{"line":351,"column":80}},"56":{"start":{"line":359,"column":8},"end":{"line":359,"column":81}},"57":{"start":{"line":367,"column":8},"end":{"line":367,"column":12848}},"58":{"start":{"line":370,"column":8},"end":{"line":370,"column":63}},"59":{"start":{"line":375,"column":8},"end":{"line":375,"column":13130}},"60":{"start":{"line":376,"column":12},"end":{"line":376,"column":13202}},"61":{"start":{"line":378,"column":16},"end":{"line":378,"column":36}},"62":{"start":{"line":383,"column":8},"end":{"line":383,"column":46}},"63":{"start":{"line":391,"column":8},"end":{"line":391,"column":48}},"64":{"start":{"line":402,"column":8},"end":{"line":402,"column":30}},"65":{"start":{"line":411,"column":8},"end":{"line":411,"column":53}},"66":{"start":{"line":411,"column":41},"end":{"line":411,"column":53}},"67":{"start":{"line":412,"column":8},"end":{"line":412,"column":50}},"68":{"start":{"line":413,"column":8},"end":{"line":413,"column":14447}},"69":{"start":{"line":414,"column":12},"end":{"line":414,"column":116}},"70":{"start":{"line":415,"column":12},"end":{"line":415,"column":113}},"71":{"start":{"line":416,"column":12},"end":{"line":416,"column":61}},"72":{"start":{"line":418,"column":8},"end":{"line":418,"column":77}},"73":{"start":{"line":427,"column":8},"end":{"line":427,"column":31}}},"branchMap":{"1":{"line":112,"type":"if","locations":[{"start":{"line":112,"column":8},"end":{"line":112,"column":8}},{"start":{"line":112,"column":8},"end":{"line":112,"column":8}}]},"2":{"line":124,"type":"if","locations":[{"start":{"line":124,"column":8},"end":{"line":124,"column":8}},{"start":{"line":124,"column":8},"end":{"line":124,"column":8}}]},"3":{"line":126,"type":"if","locations":[{"start":{"line":126,"column":73},"end":{"line":126,"column":90}},{"start":{"line":126,"column":94},"end":{"line":126,"column":112}}]},"4":{"line":127,"type":"if","locations":[{"start":{"line":127,"column":12},"end":{"line":127,"column":12}},{"start":{"line":127,"column":12},"end":{"line":127,"column":12}}]},"5":{"line":132,"type":"if","locations":[{"start":{"line":132,"column":12},"end":{"line":132,"column":12}},{"start":{"line":132,"column":12},"end":{"line":132,"column":12}}]},"6":{"line":146,"type":"if","locations":[{"start":{"line":146,"column":8},"end":{"line":146,"column":8}},{"start":{"line":146,"column":8},"end":{"line":146,"column":8}}]},"7":{"line":171,"type":"if","locations":[{"start":{"line":171,"column":8},"end":{"line":171,"column":8}},{"start":{"line":171,"column":8},"end":{"line":171,"column":8}}]},"8":{"line":172,"type":"if","locations":[{"start":{"line":172,"column":8},"end":{"line":172,"column":8}},{"start":{"line":172,"column":8},"end":{"line":172,"column":8}}]},"9":{"line":176,"type":"if","locations":[{"start":{"line":176,"column":8},"end":{"line":176,"column":8}},{"start":{"line":176,"column":8},"end":{"line":176,"column":8}}]},"10":{"line":192,"type":"if","locations":[{"start":{"line":192,"column":8},"end":{"line":192,"column":8}},{"start":{"line":192,"column":8},"end":{"line":192,"column":8}}]},"11":{"line":193,"type":"if","locations":[{"start":{"line":193,"column":8},"end":{"line":193,"column":8}},{"start":{"line":193,"column":8},"end":{"line":193,"column":8}}]},"12":{"line":196,"type":"if","locations":[{"start":{"line":196,"column":8},"end":{"line":196,"column":8}},{"start":{"line":196,"column":8},"end":{"line":196,"column":8}}]},"13":{"line":201,"type":"if","locations":[{"start":{"line":201,"column":8},"end":{"line":201,"column":8}},{"start":{"line":201,"column":8},"end":{"line":201,"column":8}}]},"14":{"line":207,"type":"if","locations":[{"start":{"line":207,"column":8},"end":{"line":207,"column":8}},{"start":{"line":207,"column":8},"end":{"line":207,"column":8}}]},"15":{"line":209,"type":"if","locations":[{"start":{"line":209,"column":15},"end":{"line":209,"column":15}},{"start":{"line":209,"column":15},"end":{"line":209,"column":15}}]},"16":{"line":231,"type":"if","locations":[{"start":{"line":231,"column":8},"end":{"line":231,"column":8}},{"start":{"line":231,"column":8},"end":{"line":231,"column":8}}]},"17":{"line":232,"type":"if","locations":[{"start":{"line":232,"column":8},"end":{"line":232,"column":8}},{"start":{"line":232,"column":8},"end":{"line":232,"column":8}}]},"18":{"line":235,"type":"if","locations":[{"start":{"line":235,"column":8},"end":{"line":235,"column":8}},{"start":{"line":235,"column":8},"end":{"line":235,"column":8}}]},"19":{"line":240,"type":"if","locations":[{"start":{"line":240,"column":8},"end":{"line":240,"column":8}},{"start":{"line":240,"column":8},"end":{"line":240,"column":8}}]},"20":{"line":246,"type":"if","locations":[{"start":{"line":246,"column":8},"end":{"line":246,"column":8}},{"start":{"line":246,"column":8},"end":{"line":246,"column":8}}]},"21":{"line":248,"type":"if","locations":[{"start":{"line":248,"column":15},"end":{"line":248,"column":15}},{"start":{"line":248,"column":15},"end":{"line":248,"column":15}}]},"22":{"line":268,"type":"if","locations":[{"start":{"line":268,"column":8},"end":{"line":268,"column":8}},{"start":{"line":268,"column":8},"end":{"line":268,"column":8}}]},"23":{"line":269,"type":"if","locations":[{"start":{"line":269,"column":8},"end":{"line":269,"column":8}},{"start":{"line":269,"column":8},"end":{"line":269,"column":8}}]},"24":{"line":271,"type":"if","locations":[{"start":{"line":271,"column":8},"end":{"line":271,"column":8}},{"start":{"line":271,"column":8},"end":{"line":271,"column":8}}]},"25":{"line":286,"type":"if","locations":[{"start":{"line":286,"column":8},"end":{"line":286,"column":8}},{"start":{"line":286,"column":8},"end":{"line":286,"column":8}}]},"26":{"line":288,"type":"if","locations":[{"start":{"line":288,"column":8},"end":{"line":288,"column":8}},{"start":{"line":288,"column":8},"end":{"line":288,"column":8}}]},"27":{"line":291,"type":"if","locations":[{"start":{"line":291,"column":12},"end":{"line":291,"column":12}},{"start":{"line":291,"column":12},"end":{"line":291,"column":12}}]},"28":{"line":294,"type":"if","locations":[{"start":{"line":294,"column":12},"end":{"line":294,"column":12}},{"start":{"line":294,"column":12},"end":{"line":294,"column":12}}]},"29":{"line":311,"type":"if","locations":[{"start":{"line":311,"column":8},"end":{"line":311,"column":8}},{"start":{"line":311,"column":8},"end":{"line":311,"column":8}}]},"30":{"line":313,"type":"if","locations":[{"start":{"line":313,"column":8},"end":{"line":313,"column":8}},{"start":{"line":313,"column":8},"end":{"line":313,"column":8}}]},"31":{"line":314,"type":"if","locations":[{"start":{"line":314,"column":8},"end":{"line":314,"column":8}},{"start":{"line":314,"column":8},"end":{"line":314,"column":8}}]},"32":{"line":315,"type":"if","locations":[{"start":{"line":315,"column":8},"end":{"line":315,"column":8}},{"start":{"line":315,"column":8},"end":{"line":315,"column":8}}]},"33":{"line":342,"type":"if","locations":[{"start":{"line":342,"column":15},"end":{"line":342,"column":15}},{"start":{"line":342,"column":15},"end":{"line":342,"column":15}}]},"34":{"line":342,"type":"if","locations":[{"start":{"line":342,"column":25},"end":{"line":342,"column":25}},{"start":{"line":342,"column":25},"end":{"line":342,"column":25}}]},"35":{"line":343,"type":"if","locations":[{"start":{"line":343,"column":8},"end":{"line":343,"column":8}},{"start":{"line":343,"column":8},"end":{"line":343,"column":8}}]},"36":{"line":344,"type":"if","locations":[{"start":{"line":344,"column":8},"end":{"line":344,"column":8}},{"start":{"line":344,"column":8},"end":{"line":344,"column":8}}]},"37":{"line":357,"type":"if","locations":[{"start":{"line":357,"column":47},"end":{"line":357,"column":47}},{"start":{"line":357,"column":47},"end":{"line":357,"column":47}}]},"38":{"line":357,"type":"if","locations":[{"start":{"line":357,"column":57},"end":{"line":357,"column":57}},{"start":{"line":357,"column":57},"end":{"line":357,"column":57}}]},"39":{"line":366,"type":"if","locations":[{"start":{"line":366,"column":49},"end":{"line":366,"column":49}},{"start":{"line":366,"column":49},"end":{"line":366,"column":49}}]},"40":{"line":367,"type":"if","locations":[{"start":{"line":367,"column":8},"end":{"line":367,"column":8}},{"start":{"line":367,"column":8},"end":{"line":367,"column":8}}]},"41":{"line":370,"type":"if","locations":[{"start":{"line":370,"column":8},"end":{"line":370,"column":8}},{"start":{"line":370,"column":8},"end":{"line":370,"column":8}}]},"42":{"line":376,"type":"if","locations":[{"start":{"line":376,"column":12},"end":{"line":376,"column":12}},{"start":{"line":376,"column":12},"end":{"line":376,"column":12}}]},"43":{"line":390,"type":"if","locations":[{"start":{"line":390,"column":56},"end":{"line":390,"column":56}},{"start":{"line":390,"column":56},"end":{"line":390,"column":56}}]},"44":{"line":391,"type":"if","locations":[{"start":{"line":391,"column":8},"end":{"line":391,"column":8}},{"start":{"line":391,"column":8},"end":{"line":391,"column":8}}]},"45":{"line":411,"type":"if","locations":[{"start":{"line":411,"column":8},"end":{"line":411,"column":8}},{"start":{"line":411,"column":8},"end":{"line":411,"column":8}}]},"46":{"line":413,"type":"if","locations":[{"start":{"line":413,"column":8},"end":{"line":413,"column":8}},{"start":{"line":413,"column":8},"end":{"line":413,"column":8}}]},"47":{"line":415,"type":"if","locations":[{"start":{"line":415,"column":73},"end":{"line":415,"column":90}},{"start":{"line":415,"column":94},"end":{"line":415,"column":112}}]}}},
"contracts/test/TestGameLibCaller.sol":{"l":{"10":2,"14":2,"18":1,"22":1,"26":2,"30":1,"34":1,"38":0,"42":1,"46":1},"path":"/mnt/d/Rede/Github/mzfshark/CryptoDraw/contracts/test/TestGameLibCaller.sol","s":{"1":2,"2":2,"3":1,"4":1,"5":2,"6":1,"7":1,"8":0,"9":1,"10":1},"b":{},"f":{"1":2,"2":2,"3":1,"4":1,"5":2,"6":1,"7":1,"8":0,"9":1,"10":1},"fnMap":{"1":{"name":"validateEasy","line":9,"loc":{"start":{"line":9,"column":4},"end":{"line":11,"column":4}}},"2":{"name":"packEasy","line":13,"loc":{"start":{"line":13,"column":4},"end":{"line":15,"column":4}}},"3":{"name":"unpackEasy","line":17,"loc":{"start":{"line":17,"column":4},"end":{"line":19,"column":4}}},"4":{"name":"countEasy","line":21,"loc":{"start":{"line":21,"column":4},"end":{"line":23,"column":4}}},"5":{"name":"validateSuper","line":25,"loc":{"start":{"line":25,"column":4},"end":{"line":27,"column":4}}},"6":{"name":"packSuper","line":29,"loc":{"start":{"line":29,"column":4},"end":{"line":31,"column":4}}},"7":{"name":"unpackSuper","line":33,"loc":{"start":{"line":33,"column":4},"end":{"line":35,"column":4}}},"8":{"name":"countSuper","line":37,"loc":{"start":{"line":37,"column":4},"end":{"line":39,"column":4}}},"9":{"name":"genEasy","line":41,"loc":{"start":{"line":41,"column":4},"end":{"line":43,"column":4}}},"10":{"name":"genSuper","line":45,"loc":{"start":{"line":45,"column":4},"end":{"line":47,"column":4}}}},"statementMap":{"1":{"start":{"line":10,"column":8},"end":{"line":10,"column":60}},"2":{"start":{"line":14,"column":8},"end":{"line":14,"column":56}},"3":{"start":{"line":18,"column":8},"end":{"line":18,"column":57}},"4":{"start":{"line":22,"column":8},"end":{"line":22,"column":54}},"5":{"start":{"line":26,"column":8},"end":{"line":26,"column":58}},"6":{"start":{"line":30,"column":8},"end":{"line":30,"column":54}},"7":{"start":{"line":34,"column":8},"end":{"line":34,"column":58}},"8":{"start":{"line":38,"column":8},"end":{"line":38,"column":55}},"9":{"start":{"line":42,"column":8},"end":{"line":42,"column":71}},"10":{"start":{"line":46,"column":8},"end":{"line":46,"column":72}}},"branchMap":{}},
"contracts/test/TestTicketNFCCaller.sol":{"l":{"13":15,"17":5,"21":4,"25":2},"path":"/mnt/d/Rede/Github/mzfshark/CryptoDraw/contracts/test/TestTicketNFCCaller.sol","s":{"1":5,"2":4,"3":2},"b":{},"f":{"1":15,"2":5,"3":4,"4":2},"fnMap":{"1":{"name":"constructor","line":12,"loc":{"start":{"line":12,"column":4},"end":{"line":14,"column":4}}},"2":{"name":"callDecrement","line":16,"loc":{"start":{"line":16,"column":4},"end":{"line":18,"column":4}}},"3":{"name":"callUpdate","line":20,"loc":{"start":{"line":20,"column":4},"end":{"line":22,"column":4}}},"4":{"name":"callBurn","line":24,"loc":{"start":{"line":24,"column":4},"end":{"line":26,"column":4}}}},"statementMap":{"1":{"start":{"line":17,"column":8},"end":{"line":17,"column":53}},"2":{"start":{"line":21,"column":8},"end":{"line":21,"column":58}},"3":{"start":{"line":25,"column":8},"end":{"line":25,"column":42}}},"branchMap":{}},
"contracts/TicketNFT.sol":{"l":{"93":122,"94":118,"104":81,"105":81,"126":81,"127":80,"129":78,"130":78,"132":78,"134":78,"145":78,"147":78,"155":7,"157":5,"158":5,"170":22,"178":8,"180":8,"181":8,"183":7,"186":7,"187":4,"203":25,"204":24,"221":1,"222":1,"223":1,"232":4,"233":4,"247":2,"248":2,"263":9,"265":8,"267":8,"268":8,"271":8,"274":8,"285":8,"300":8,"309":33,"311":30,"312":30,"314":30,"321":8,"322":3,"323":2,"324":1,"336":89,"339":89,"340":6,"350":48,"351":16,"353":32,"354":32,"355":32,"356":34,"357":34,"359":32,"360":32,"361":32,"362":32,"363":34,"364":34,"366":32,"375":8,"376":8,"377":8,"378":8,"380":8,"381":8,"382":8,"383":975,"384":975,"385":975,"387":975,"388":975,"389":975,"390":975,"392":975,"393":975,"394":975,"395":975,"398":8},"path":"/mnt/d/Rede/Github/mzfshark/CryptoDraw/contracts/TicketNFT.sol","s":{"1":122,"2":81,"3":81,"4":80,"5":78,"6":78,"7":78,"8":78,"9":78,"10":7,"11":5,"12":5,"13":22,"14":8,"15":8,"16":8,"17":7,"18":4,"19":25,"20":24,"21":1,"22":1,"23":1,"24":4,"25":0,"26":4,"27":2,"28":2,"29":9,"30":8,"31":8,"32":8,"33":8,"34":8,"35":8,"36":8,"37":33,"38":30,"39":30,"40":8,"41":5,"42":3,"43":1,"44":2,"45":1,"46":1,"47":89,"48":89,"49":48,"50":16,"51":32,"52":32,"53":32,"54":32,"55":32,"56":32,"57":32,"58":8,"59":8,"60":8,"61":8,"62":8,"63":8,"64":8,"65":975,"66":975,"67":975,"68":975,"69":975,"70":975,"71":975,"72":8},"b":{"1":[4,118],"2":[81,1],"3":[81,0],"4":[81,2],"5":[80,1],"6":[78,2],"7":[7,2],"8":[22,0],"9":[8,0],"10":[0,8],"11":[7,1],"12":[4,3],"13":[1,24],"14":[0,1],"15":[0,4],"16":[0,2],"17":[1,8],"18":[5,3],"19":[3,30],"20":[5,3],"21":[1,2],"22":[1,1],"23":[6,83],"24":[16,32],"25":[973,2],"26":[968,7],"27":[975,0],"28":[975,0]},"f":{"1":204,"2":122,"3":81,"4":81,"5":7,"6":22,"7":8,"8":25,"9":1,"10":4,"11":2,"12":9,"13":33,"14":8,"15":89,"16":48,"17":8},"fnMap":{"1":{"name":"constructor","line":88,"loc":{"start":{"line":88,"column":4},"end":{"line":88,"column":56}}},"2":{"name":"onlyCryptoDraw","line":92,"loc":{"start":{"line":92,"column":4},"end":{"line":95,"column":4}}},"3":{"name":"setCryptoDrawAddress","line":103,"loc":{"start":{"line":103,"column":4},"end":{"line":106,"column":4}}},"4":{"name":"mint","line":125,"loc":{"start":{"line":119,"column":4},"end":{"line":148,"column":4}}},"5":{"name":"burn","line":154,"loc":{"start":{"line":154,"column":4},"end":{"line":159,"column":4}}},"6":{"name":"updateStatus","line":168,"loc":{"start":{"line":166,"column":4},"end":{"line":171,"column":4}}},"7":{"name":"decrementRounds","line":177,"loc":{"start":{"line":177,"column":4},"end":{"line":189,"column":4}}},"8":{"name":"getTicket","line":198,"loc":{"start":{"line":198,"column":4},"end":{"line":205,"column":4}}},"9":{"name":"getTicketBasic","line":211,"loc":{"start":{"line":211,"column":4},"end":{"line":224,"column":4}}},"10":{"name":"isTicketActive","line":231,"loc":{"start":{"line":231,"column":4},"end":{"line":235,"column":4}}},"11":{"name":"getTicketStatus","line":242,"loc":{"start":{"line":242,"column":4},"end":{"line":249,"column":4}}},"12":{"name":"tokenURI","line":256,"loc":{"start":{"line":256,"column":4},"end":{"line":301,"column":4}}},"13":{"name":"_updateTicketStatus","line":308,"loc":{"start":{"line":308,"column":4},"end":{"line":315,"column":4}}},"14":{"name":"_getStatusName","line":320,"loc":{"start":{"line":320,"column":4},"end":{"line":325,"column":4}}},"15":{"name":"_beforeTokenTransfer","line":330,"loc":{"start":{"line":330,"column":4},"end":{"line":342,"column":4}}},"16":{"name":"_uint2str","line":349,"loc":{"start":{"line":349,"column":4},"end":{"line":367,"column":4}}},"17":{"name":"_base64Encode","line":374,"loc":{"start":{"line":374,"column":4},"end":{"line":399,"column":4}}}},"statementMap":{"1":{"start":{"line":93,"column":8},"end":{"line":93,"column":76}},"2":{"start":{"line":104,"column":8},"end":{"line":104,"column":67}},"3":{"start":{"line":126,"column":8},"end":{"line":126,"column":53}},"4":{"start":{"line":127,"column":8},"end":{"line":127,"column":66}},"5":{"start":{"line":129,"column":8},"end":{"line":129,"column":51}},"6":{"start":{"line":130,"column":8},"end":{"line":130,"column":34}},"7":{"start":{"line":132,"column":8},"end":{"line":132,"column":29}},"8":{"start":{"line":145,"column":8},"end":{"line":145,"column":63}},"9":{"start":{"line":147,"column":8},"end":{"line":147,"column":22}},"10":{"start":{"line":155,"column":8},"end":{"line":155,"column":56}},"11":{"start":{"line":157,"column":8},"end":{"line":157,"column":21}},"12":{"start":{"line":158,"column":8},"end":{"line":158,"column":34}},"13":{"start":{"line":170,"column":8},"end":{"line":170,"column":46}},"14":{"start":{"line":178,"column":8},"end":{"line":178,"column":54}},"15":{"start":{"line":180,"column":8},"end":{"line":180,"column":49}},"16":{"start":{"line":181,"column":8},"end":{"line":181,"column":65}},"17":{"start":{"line":186,"column":8},"end":{"line":186,"column":5728}},"18":{"start":{"line":187,"column":12},"end":{"line":187,"column":61}},"19":{"start":{"line":203,"column":8},"end":{"line":203,"column":54}},"20":{"start":{"line":204,"column":8},"end":{"line":204,"column":32}},"21":{"start":{"line":221,"column":8},"end":{"line":221,"column":54}},"22":{"start":{"line":222,"column":8},"end":{"line":222,"column":48}},"23":{"start":{"line":223,"column":8},"end":{"line":223,"column":83}},"24":{"start":{"line":232,"column":8},"end":{"line":232,"column":43}},"25":{"start":{"line":232,"column":31},"end":{"line":232,"column":43}},"26":{"start":{"line":233,"column":8},"end":{"line":233,"column":7200}},"27":{"start":{"line":247,"column":8},"end":{"line":247,"column":54}},"28":{"start":{"line":248,"column":8},"end":{"line":248,"column":39}},"29":{"start":{"line":263,"column":8},"end":{"line":263,"column":54}},"30":{"start":{"line":265,"column":8},"end":{"line":265,"column":48}},"31":{"start":{"line":267,"column":4},"end":{"line":267,"column":92}},"32":{"start":{"line":268,"column":8},"end":{"line":268,"column":64}},"33":{"start":{"line":271,"column":8},"end":{"line":271,"column":83}},"34":{"start":{"line":274,"column":8},"end":{"line":274,"column":8421}},"35":{"start":{"line":285,"column":8},"end":{"line":285,"column":8718}},"36":{"start":{"line":300,"column":8},"end":{"line":300,"column":104}},"37":{"start":{"line":309,"column":8},"end":{"line":309,"column":54}},"38":{"start":{"line":311,"column":8},"end":{"line":311,"column":57}},"39":{"start":{"line":314,"column":8},"end":{"line":314,"column":63}},"40":{"start":{"line":321,"column":8},"end":{"line":321,"column":58}},"41":{"start":{"line":321,"column":43},"end":{"line":321,"column":58}},"42":{"start":{"line":322,"column":8},"end":{"line":322,"column":60}},"43":{"start":{"line":322,"column":44},"end":{"line":322,"column":60}},"44":{"start":{"line":323,"column":8},"end":{"line":323,"column":62}},"45":{"start":{"line":323,"column":45},"end":{"line":323,"column":62}},"46":{"start":{"line":324,"column":8},"end":{"line":324,"column":23}},"47":{"start":{"line":336,"column":8},"end":{"line":336,"column":63}},"48":{"start":{"line":339,"column":8},"end":{"line":339,"column":10936}},"49":{"start":{"line":350,"column":8},"end":{"line":350,"column":11243}},"50":{"start":{"line":351,"column":12},"end":{"line":351,"column":22}},"51":{"start":{"line":353,"column":8},"end":{"line":353,"column":22}},"52":{"start":{"line":354,"column":8},"end":{"line":354,"column":22}},"53":{"start":{"line":355,"column":8},"end":{"line":355,"column":11353}},"54":{"start":{"line":359,"column":8},"end":{"line":359,"column":45}},"55":{"start":{"line":360,"column":8},"end":{"line":360,"column":26}},"56":{"start":{"line":362,"column":8},"end":{"line":362,"column":11529}},"57":{"start":{"line":366,"column":8},"end":{"line":366,"column":27}},"58":{"start":{"line":375,"column":8},"end":{"line":375,"column":42}},"59":{"start":{"line":376,"column":8},"end":{"line":376,"column":58}},"60":{"start":{"line":377,"column":8},"end":{"line":377,"column":53}},"61":{"start":{"line":378,"column":8},"end":{"line":378,"column":41}},"62":{"start":{"line":380,"column":8},"end":{"line":380,"column":21}},"63":{"start":{"line":381,"column":8},"end":{"line":381,"column":21}},"64":{"start":{"line":382,"column":8},"end":{"line":382,"column":12188}},"65":{"start":{"line":383,"column":12},"end":{"line":383,"column":41}},"66":{"start":{"line":384,"column":12},"end":{"line":384,"column":63}},"67":{"start":{"line":385,"column":12},"end":{"line":385,"column":63}},"68":{"start":{"line":387,"column":12},"end":{"line":387,"column":35}},"69":{"start":{"line":388,"column":12},"end":{"line":388,"column":57}},"70":{"start":{"line":389,"column":12},"end":{"line":389,"column":57}},"71":{"start":{"line":390,"column":12},"end":{"line":390,"column":37}},"72":{"start":{"line":398,"column":8},"end":{"line":398,"column":29}}},"branchMap":{"1":{"line":93,"type":"if","locations":[{"start":{"line":93,"column":8},"end":{"line":93,"column":8}},{"start":{"line":93,"column":8},"end":{"line":93,"column":8}}]},"2":{"line":103,"type":"if","locations":[{"start":{"line":103,"column":71},"end":{"line":103,"column":71}},{"start":{"line":103,"column":71},"end":{"line":103,"column":71}}]},"3":{"line":104,"type":"if","locations":[{"start":{"line":104,"column":8},"end":{"line":104,"column":8}},{"start":{"line":104,"column":8},"end":{"line":104,"column":8}}]},"4":{"line":125,"type":"if","locations":[{"start":{"line":125,"column":15},"end":{"line":125,"column":15}},{"start":{"line":125,"column":15},"end":{"line":125,"column":15}}]},"5":{"line":126,"type":"if","locations":[{"start":{"line":126,"column":8},"end":{"line":126,"column":8}},{"start":{"line":126,"column":8},"end":{"line":126,"column":8}}]},"6":{"line":127,"type":"if","locations":[{"start":{"line":127,"column":8},"end":{"line":127,"column":8}},{"start":{"line":127,"column":8},"end":{"line":127,"column":8}}]},"7":{"line":154,"type":"if","locations":[{"start":{"line":154,"column":51},"end":{"line":154,"column":51}},{"start":{"line":154,"column":51},"end":{"line":154,"column":51}}]},"8":{"line":168,"type":"if","locations":[{"start":{"line":168,"column":8},"end":{"line":168,"column":8}},{"start":{"line":168,"column":8},"end":{"line":168,"column":8}}]},"9":{"line":177,"type":"if","locations":[{"start":{"line":177,"column":55},"end":{"line":177,"column":55}},{"start":{"line":177,"column":55},"end":{"line":177,"column":55}}]},"10":{"line":178,"type":"if","locations":[{"start":{"line":178,"column":8},"end":{"line":178,"column":8}},{"start":{"line":178,"column":8},"end":{"line":178,"column":8}}]},"11":{"line":181,"type":"if","locations":[{"start":{"line":181,"column":8},"end":{"line":181,"column":8}},{"start":{"line":181,"column":8},"end":{"line":181,"column":8}}]},"12":{"line":186,"type":"if","locations":[{"start":{"line":186,"column":8},"end":{"line":186,"column":8}},{"start":{"line":186,"column":8},"end":{"line":186,"column":8}}]},"13":{"line":203,"type":"if","locations":[{"start":{"line":203,"column":8},"end":{"line":203,"column":8}},{"start":{"line":203,"column":8},"end":{"line":203,"column":8}}]},"14":{"line":221,"type":"if","locations":[{"start":{"line":221,"column":8},"end":{"line":221,"column":8}},{"start":{"line":221,"column":8},"end":{"line":221,"column":8}}]},"15":{"line":232,"type":"if","locations":[{"start":{"line":232,"column":8},"end":{"line":232,"column":8}},{"start":{"line":232,"column":8},"end":{"line":232,"column":8}}]},"16":{"line":247,"type":"if","locations":[{"start":{"line":247,"column":8},"end":{"line":247,"column":8}},{"start":{"line":247,"column":8},"end":{"line":247,"column":8}}]},"17":{"line":263,"type":"if","locations":[{"start":{"line":263,"column":8},"end":{"line":263,"column":8}},{"start":{"line":263,"column":8},"end":{"line":263,"column":8}}]},"18":{"line":267,"type":"if","locations":[{"start":{"line":267,"column":66},"end":{"line":267,"column":77}},{"start":{"line":267,"column":81},"end":{"line":267,"column":91}}]},"19":{"line":309,"type":"if","locations":[{"start":{"line":309,"column":8},"end":{"line":309,"column":8}},{"start":{"line":309,"column":8},"end":{"line":309,"column":8}}]},"20":{"line":321,"type":"if","locations":[{"start":{"line":321,"column":8},"end":{"line":321,"column":8}},{"start":{"line":321,"column":8},"end":{"line":321,"column":8}}]},"21":{"line":322,"type":"if","locations":[{"start":{"line":322,"column":8},"end":{"line":322,"column":8}},{"start":{"line":322,"column":8},"end":{"line":322,"column":8}}]},"22":{"line":323,"type":"if","locations":[{"start":{"line":323,"column":8},"end":{"line":323,"column":8}},{"start":{"line":323,"column":8},"end":{"line":323,"column":8}}]},"23":{"line":339,"type":"if","locations":[{"start":{"line":339,"column":8},"end":{"line":339,"column":8}},{"start":{"line":339,"column":8},"end":{"line":339,"column":8}}]},"24":{"line":350,"type":"if","locations":[{"start":{"line":350,"column":8},"end":{"line":350,"column":8}},{"start":{"line":350,"column":8},"end":{"line":350,"column":8}}]},"25":{"line":384,"type":"if","locations":[{"start":{"line":384,"column":42},"end":{"line":384,"column":58}},{"start":{"line":384,"column":62},"end":{"line":384,"column":62}}]},"26":{"line":385,"type":"if","locations":[{"start":{"line":385,"column":42},"end":{"line":385,"column":58}},{"start":{"line":385,"column":62},"end":{"line":385,"column":62}}]},"27":{"line":394,"type":"if","locations":[{"start":{"line":394,"column":40},"end":{"line":394,"column":52}},{"start":{"line":394,"column":56},"end":{"line":394,"column":66}}]},"28":{"line":395,"type":"if","locations":[{"start":{"line":395,"column":40},"end":{"line":395,"column":52}},{"start":{"line":395,"column":56},"end":{"line":395,"column":66}}]}}}}
