TN:
SF:/mnt/d/Rede/Github/mzfshark/CryptoDraw/contracts/AgentProxy.sol
FN:36,constructor
FN:41,registerAgent
FN:53,deactivateAgent
FN:60,updateAgentCommissionRate
FN:68,setDefaultCommissionRate
FN:84,buyTicketThroughAgent
FN:99,withdrawCommission
FN:112,getAgentInfo
FNF:8
FNH:8
FNDA:3,constructor
FNDA:26,registerAgent
FNDA:4,deactivateAgent
FNDA:3,updateAgentCommissionRate
FNDA:3,setDefaultCommissionRate
FNDA:14,buyTicketThroughAgent
FNDA:7,withdrawCommission
FNDA:17,getAgentInfo
DA:37,3
DA:42,26
DA:43,25
DA:45,24
DA:46,24
DA:47,24
DA:50,24
DA:55,4
DA:56,4
DA:57,4
DA:61,3
DA:62,3
DA:63,3
DA:64,2
DA:65,2
DA:69,3
DA:70,2
DA:71,2
DA:85,14
DA:86,14
DA:89,12
DA:90,12
DA:92,12
DA:93,12
DA:95,12
DA:100,7
DA:101,7
DA:102,6
DA:103,6
DA:104,3
DA:106,3
DA:107,3
DA:108,3
DA:113,17
LF:34
LH:34
BRDA:41,1,0,26
BRDA:41,1,1,1
BRDA:42,2,0,25
BRDA:42,2,1,1
BRDA:43,3,0,24
BRDA:43,3,1,1
BRDA:53,4,0,4
BRDA:53,4,1,1
BRDA:60,5,0,3
BRDA:60,5,1,0
BRDA:61,6,0,3
BRDA:61,6,1,0
BRDA:63,7,0,2
BRDA:63,7,1,1
BRDA:68,8,0,3
BRDA:68,8,1,0
BRDA:69,9,0,2
BRDA:69,9,1,1
BRDA:84,10,0,14
BRDA:84,10,1,0
BRDA:86,11,0,12
BRDA:86,11,1,2
BRDA:89,12,0,12
BRDA:89,12,1,0
BRDA:99,13,0,7
BRDA:99,13,1,0
BRDA:101,14,0,1
BRDA:101,14,1,6
BRDA:103,15,0,3
BRDA:103,15,1,3
BRDA:107,16,0,3
BRDA:107,16,1,0
BRF:32
BRH:25
end_of_record
TN:
SF:/mnt/d/Rede/Github/mzfshark/CryptoDraw/contracts/CryptoDrawV2.sol
FN:167,constructor
FN:240,buyTicket
FN:318,closeDraw
FN:346,closeDrawSimple
FN:363,claimPrize
FN:403,withdrawPrize
FN:419,withdrawAgentCommission
FN:442,setGameConfig
FN:455,setRevenueConfig
FN:476,updateRevenueConfig
FN:491,setSupportedToken
FN:514,updateTokenSupport
FN:523,setSuspendedAgent
FN:532,createDraw
FN:545,setWallets
FN:556,pause
FN:563,unpause
FN:572,emergencyWithdraw
FN:591,_ensureDrawExists
FN:621,_distributeRevenue
FN:639,_calculatePrize
FN:665,getSupportedTokens
FN:669,getDraw
FN:673,getCurrentDrawId
FN:685,configureGame
FN:692,buyTicketWithToken
FN:706,prizeOracle
FNF:27
FNH:27
FNDA:124,constructor
FNDA:60,buyTicket
FNDA:22,closeDraw
FNDA:4,closeDrawSimple
FNDA:15,claimPrize
FNDA:8,withdrawPrize
FNDA:5,withdrawAgentCommission
FNDA:39,setGameConfig
FNDA:3,setRevenueConfig
FNDA:2,updateRevenueConfig
FNDA:62,setSupportedToken
FNDA:2,updateTokenSupport
FNDA:4,setSuspendedAgent
FNDA:26,createDraw
FNDA:2,setWallets
FNDA:4,pause
FNDA:1,unpause
FNDA:5,emergencyWithdraw
FNDA:72,_ensureDrawExists
FNDA:19,_distributeRevenue
FNDA:12,_calculatePrize
FNDA:2,getSupportedTokens
FNDA:7,getDraw
FNDA:22,getCurrentDrawId
FNDA:1,configureGame
FNDA:5,buyTicketWithToken
FNDA:1,prizeOracle
DA:176,124
DA:178,1
DA:181,123
DA:182,123
DA:183,123
DA:184,123
DA:185,123
DA:186,123
DA:187,123
DA:190,123
DA:191,123
DA:192,123
DA:196,123
DA:205,123
DA:213,123
DA:242,60
DA:243,60
DA:244,59
DA:245,58
DA:246,56
DA:249,52
DA:250,52
DA:251,21
DA:252,20
DA:254,31
DA:255,29
DA:259,49
DA:260,49
DA:262,49
DA:265,47
DA:267,43
DA:268,42
DA:269,42
DA:272,42
DA:273,2
DA:274,2
DA:278,4
DA:282,46
DA:285,46
DA:294,46
DA:295,46
DA:298,46
DA:299,5
DA:300,5
DA:303,46
DA:305,46
DA:320,22
DA:321,22
DA:324,19
DA:325,9
DA:327,10
DA:330,19
DA:331,19
DA:334,19
DA:336,19
DA:348,4
DA:349,4
DA:350,4
DA:351,4
DA:352,4
DA:364,15
DA:373,15
DA:374,14
DA:376,13
DA:377,13
DA:379,13
DA:382,12
DA:383,12
DA:384,5
DA:386,7
DA:390,12
DA:392,12
DA:393,11
DA:394,11
DA:396,11
DA:404,8
DA:405,8
DA:407,7
DA:412,7
DA:413,7
DA:420,5
DA:421,5
DA:423,4
DA:426,4
DA:427,4
DA:429,4
DA:443,39
DA:444,39
DA:445,39
DA:446,39
DA:447,39
DA:458,3
DA:462,3
DA:464,1
DA:477,2
DA:493,62
DA:494,59
DA:495,59
DA:497,3
DA:499,3
DA:500,6
DA:501,3
DA:502,3
DA:503,3
DA:508,62
DA:515,2
DA:525,4
DA:526,4
DA:533,26
DA:546,2
DA:547,2
DA:548,2
DA:549,2
DA:550,2
DA:557,4
DA:564,1
DA:574,5
DA:576,4
DA:577,3
DA:578,3
DA:580,1
DA:583,4
DA:592,72
DA:593,72
DA:595,72
DA:598,72
DA:599,48
DA:601,48
DA:612,48
DA:615,72
DA:622,19
DA:623,19
DA:625,19
DA:626,19
DA:627,19
DA:628,19
DA:633,19
DA:644,12
DA:646,5
DA:647,4
DA:648,3
DA:649,2
DA:650,1
DA:653,7
DA:654,5
DA:655,4
DA:656,3
DA:657,2
DA:660,1
DA:666,2
DA:670,7
DA:674,22
DA:686,1
DA:700,5
DA:707,1
LF:155
LH:155
BRDA:176,1,0,1
BRDA:176,1,1,123
BRDA:176,2,0,0
BRDA:176,2,1,1
BRDA:176,3,0,1
BRDA:176,3,1,0
BRDA:176,4,0,0
BRDA:176,4,1,0
BRDA:240,5,0,63
BRDA:240,5,1,0
BRDA:240,6,0,60
BRDA:240,6,1,3
BRDA:243,7,0,1
BRDA:243,7,1,59
BRDA:244,8,0,1
BRDA:244,8,1,58
BRDA:245,9,0,2
BRDA:245,9,1,56
BRDA:245,10,0,1
BRDA:245,10,1,1
BRDA:246,11,0,4
BRDA:246,11,1,52
BRDA:250,12,0,21
BRDA:250,12,1,31
BRDA:251,13,0,1
BRDA:251,13,1,20
BRDA:254,14,0,2
BRDA:254,14,1,29
BRDA:262,15,0,2
BRDA:262,15,1,47
BRDA:265,16,0,43
BRDA:265,16,1,4
BRDA:267,17,0,42
BRDA:267,17,1,1
BRDA:269,18,0,42
BRDA:269,18,1,0
BRDA:272,19,0,2
BRDA:272,19,1,40
BRDA:274,20,0,2
BRDA:274,20,1,0
BRDA:298,21,0,5
BRDA:298,21,1,41
BRDA:318,22,0,22
BRDA:318,22,1,1
BRDA:321,23,0,19
BRDA:321,23,1,3
BRDA:324,24,0,9
BRDA:324,24,1,10
BRDA:346,25,0,4
BRDA:346,25,1,0
BRDA:349,26,0,4
BRDA:349,26,1,0
BRDA:363,27,0,15
BRDA:363,27,1,0
BRDA:373,28,0,1
BRDA:373,28,1,14
BRDA:374,29,0,1
BRDA:374,29,1,13
BRDA:379,30,0,12
BRDA:379,30,1,1
BRDA:383,31,0,5
BRDA:383,31,1,7
BRDA:392,32,0,11
BRDA:392,32,1,1
BRDA:403,33,0,8
BRDA:403,33,1,0
BRDA:405,34,0,1
BRDA:405,34,1,7
BRDA:413,35,0,7
BRDA:413,35,1,0
BRDA:419,36,0,5
BRDA:419,36,1,0
BRDA:421,37,0,1
BRDA:421,37,1,4
BRDA:427,38,0,4
BRDA:427,38,1,0
BRDA:442,39,0,39
BRDA:442,39,1,1
BRDA:455,40,0,3
BRDA:455,40,1,0
BRDA:462,41,0,2
BRDA:462,41,1,1
BRDA:476,42,0,2
BRDA:476,42,1,0
BRDA:491,43,0,62
BRDA:491,43,1,0
BRDA:493,44,0,59
BRDA:493,44,1,3
BRDA:496,45,0,3
BRDA:496,45,1,0
BRDA:500,46,0,3
BRDA:500,46,1,3
BRDA:514,47,0,2
BRDA:514,47,1,0
BRDA:523,48,0,4
BRDA:523,48,1,0
BRDA:532,49,0,26
BRDA:532,49,1,1
BRDA:545,50,0,2
BRDA:545,50,1,0
BRDA:546,51,0,2
BRDA:546,51,1,0
BRDA:547,52,0,1
BRDA:547,52,1,1
BRDA:548,53,0,1
BRDA:548,53,1,1
BRDA:549,54,0,1
BRDA:549,54,1,1
BRDA:550,55,0,1
BRDA:550,55,1,1
BRDA:556,56,0,4
BRDA:556,56,1,0
BRDA:563,57,0,1
BRDA:563,57,1,0
BRDA:572,58,0,5
BRDA:572,58,1,0
BRDA:574,59,0,1
BRDA:574,59,1,4
BRDA:576,60,0,3
BRDA:576,60,1,1
BRDA:578,61,0,3
BRDA:578,61,1,0
BRDA:598,62,0,48
BRDA:598,62,1,24
BRDA:598,63,0,42
BRDA:598,63,1,6
BRDA:644,64,0,5
BRDA:644,64,1,7
BRDA:646,65,0,1
BRDA:646,65,1,4
BRDA:647,66,0,1
BRDA:647,66,1,3
BRDA:648,67,0,1
BRDA:648,67,1,2
BRDA:649,68,0,1
BRDA:649,68,1,1
BRDA:650,69,0,1
BRDA:650,69,1,0
BRDA:653,70,0,2
BRDA:653,70,1,5
BRDA:654,71,0,1
BRDA:654,71,1,4
BRDA:655,72,0,1
BRDA:655,72,1,3
BRDA:656,73,0,1
BRDA:656,73,1,2
BRDA:657,74,0,1
BRDA:657,74,1,1
BRDA:685,75,0,1
BRDA:685,75,1,1
BRF:150
BRH:123
end_of_record
TN:
SF:/mnt/d/Rede/Github/mzfshark/CryptoDraw/contracts/GameLibrary.sol
FN:37,validateEasyLottoNumbers
FN:75,packEasyLottoNumbers
FN:98,unpackEasyLottoNumbers
FN:134,countEasyLottoMatches
FN:160,validateSuperSevenNumbers
FN:185,packSuperSevenNumbers
FN:209,unpackSuperSevenNumbers
FN:235,countSuperSevenMatches
FN:263,generateEasyLottoWinning
FN:295,generateSuperSevenWinning
FNF:10
FNH:10
FNDA:93,validateEasyLottoNumbers
FNDA:48,packEasyLottoNumbers
FNDA:19,unpackEasyLottoNumbers
FNDA:7,countEasyLottoMatches
FNDA:150,validateSuperSevenNumbers
FNDA:97,packSuperSevenNumbers
FNDA:64,unpackSuperSevenNumbers
FNDA:8,countSuperSevenMatches
FNDA:10,generateEasyLottoWinning
FNDA:11,generateSuperSevenWinning
DA:43,93
DA:45,9
DA:49,84
DA:51,84
DA:52,1165
DA:55,1165
DA:56,6
DA:60,1159
DA:61,1159
DA:62,5
DA:64,1154
DA:67,73
DA:80,48
DA:81,4
DA:84,44
DA:85,44
DA:87,44
DA:90,44
DA:104,19
DA:105,19
DA:106,475
DA:107,275
DA:112,19
DA:113,4
DA:117,15
DA:118,15
DA:119,15
DA:120,375
DA:121,225
DA:125,15
DA:140,7
DA:143,7
DA:144,7
DA:145,175
DA:146,81
DA:150,7
DA:166,150
DA:167,10
DA:171,140
DA:172,968
DA:173,5
DA:177,135
DA:190,97
DA:191,2
DA:194,95
DA:195,95
DA:198,95
DA:201,95
DA:214,64
DA:216,64
DA:218,436
DA:221,436
DA:222,2
DA:226,62
DA:240,8
DA:242,8
DA:244,56
DA:245,56
DA:247,56
DA:248,36
DA:252,8
DA:268,10
DA:269,10
DA:270,10
DA:273,10
DA:274,224
DA:275,224
DA:277,224
DA:280,224
DA:281,150
DA:282,150
DA:286,10
DA:300,11
DA:301,11
DA:304,11
DA:305,77
DA:306,77
DA:307,77
DA:310,11
LF:79
LH:79
BRDA:43,1,0,9
BRDA:43,1,1,84
BRDA:43,2,0,6
BRDA:43,2,1,3
BRDA:55,3,0,6
BRDA:55,3,1,1159
BRDA:55,4,0,4
BRDA:55,4,1,2
BRDA:61,5,0,5
BRDA:61,5,1,1154
BRDA:80,6,0,4
BRDA:80,6,1,44
BRDA:106,7,0,275
BRDA:106,7,1,200
BRDA:112,8,0,4
BRDA:112,8,1,15
BRDA:112,9,0,2
BRDA:112,9,1,2
BRDA:120,10,0,225
BRDA:120,10,1,150
BRDA:145,11,0,81
BRDA:145,11,1,94
BRDA:166,12,0,10
BRDA:166,12,1,140
BRDA:172,13,0,5
BRDA:172,13,1,963
BRDA:190,14,0,2
BRDA:190,14,1,95
BRDA:221,15,0,2
BRDA:221,15,1,434
BRDA:247,16,0,36
BRDA:247,16,1,20
BRDA:280,17,0,150
BRDA:280,17,1,74
BRF:34
BRH:34
end_of_record
TN:
SF:/mnt/d/Rede/Github/mzfshark/CryptoDraw/contracts/mocks/BandMock.sol
FN:13,setPrice
FN:17,getReferenceData
FNF:2
FNH:1
FNDA:0,setPrice
FNDA:8,getReferenceData
DA:14,0
DA:22,8
LF:2
LH:1
BRF:0
BRH:0
end_of_record
TN:
SF:/mnt/d/Rede/Github/mzfshark/CryptoDraw/contracts/mocks/Mocks.sol
FN:34,constructor
FN:36,requestRandomWords
FN:61,getRequestConfig
FN:66,createSubscription
FN:75,getSubscription
FN:94,requestSubscriptionOwnerTransfer
FN:96,acceptSubscriptionOwnerTransfer
FN:98,addConsumer
FN:103,removeConsumer
FN:105,cancelSubscription
FN:107,pendingRequestExists
FN:112,fundSubscription
FN:118,fulfillRandomWords
FN:135,latestRoundData
FN:149,decimals
FN:153,setPrice
FN:171,buyTicketWithAgent
FN:190,getTicketPrice
FN:194,setTicketPrice
FN:198,withdrawCommission
FN:214,validateEasyLottoNumbers
FN:222,packEasyLottoNumbers
FN:230,unpackEasyLottoNumbers
FN:238,countEasyLottoMatches
FN:247,validateSuperSevenNumbers
FN:255,packSuperSevenNumbers
FN:263,unpackSuperSevenNumbers
FN:271,countSuperSevenMatches
FNF:28
FNH:9
FNDA:0,constructor
FNDA:0,requestRandomWords
FNDA:0,getRequestConfig
FNDA:0,createSubscription
FNDA:0,getSubscription
FNDA:0,requestSubscriptionOwnerTransfer
FNDA:0,acceptSubscriptionOwnerTransfer
FNDA:0,addConsumer
FNDA:0,removeConsumer
FNDA:0,cancelSubscription
FNDA:0,pendingRequestExists
FNDA:0,fundSubscription
FNDA:0,fulfillRandomWords
FNDA:0,latestRoundData
FNDA:0,decimals
FNDA:0,setPrice
FNDA:0,buyTicketWithAgent
FNDA:0,getTicketPrice
FNDA:7,setTicketPrice
FNDA:0,withdrawCommission
FNDA:22,validateEasyLottoNumbers
FNDA:26,packEasyLottoNumbers
FNDA:18,unpackEasyLottoNumbers
FNDA:1,countEasyLottoMatches
FNDA:20,validateSuperSevenNumbers
FNDA:67,packSuperSevenNumbers
FNDA:63,unpackSuperSevenNumbers
FNDA:1,countSuperSevenMatches
DA:43,0
DA:45,0
DA:47,0
DA:58,0
DA:62,0
DA:63,0
DA:67,0
DA:68,0
DA:69,0
DA:71,0
DA:72,0
DA:86,0
DA:99,0
DA:100,0
DA:108,0
DA:113,0
DA:114,0
DA:115,0
DA:119,0
DA:120,0
DA:121,0
DA:123,0
DA:127,0
DA:146,0
DA:150,0
DA:154,0
DA:177,0
DA:179,0
DA:182,0
DA:183,0
DA:185,0
DA:187,0
DA:191,0
DA:195,7
DA:199,0
DA:200,0
DA:202,0
DA:203,0
DA:219,22
DA:227,26
DA:235,18
DA:243,1
DA:252,20
DA:260,67
DA:268,63
DA:276,1
LF:46
LH:9
BRDA:43,1,0,0
BRDA:43,1,1,0
BRDA:177,2,0,0
BRDA:177,2,1,0
BRDA:200,3,0,0
BRDA:200,3,1,0
BRF:6
BRH:0
end_of_record
TN:
SF:/mnt/d/Rede/Github/mzfshark/CryptoDraw/contracts/mocks/MockToken.sol
FN:13,constructor
FN:17,decimals
FN:21,mint
FN:25,burn
FN:36,constructor
FNF:5
FNH:3
FNDA:162,constructor
FNDA:0,decimals
FNDA:13,mint
FNDA:0,burn
FNDA:27,constructor
DA:14,162
DA:18,0
DA:22,13
DA:26,0
LF:4
LH:2
BRF:0
BRH:0
end_of_record
TN:
SF:/mnt/d/Rede/Github/mzfshark/CryptoDraw/contracts/PriceOracle.sol
FN:111,onlySupportedToken
FN:122,notStale
FN:145,constructor
FN:172,getUSDPrice
FN:193,convertToUSD
FN:232,convertFromUSD
FN:269,updatePrice
FN:286,updatePrices
FN:311,addToken
FN:342,setBandFeed
FN:357,clearFeed
FN:366,removeToken
FN:390,setMaxPriceAge
FN:401,getSupportedTokens
FN:410,isPriceValid
FN:426,getTokenData
FNF:16
FNH:16
FNDA:109,onlySupportedToken
FNDA:74,notStale
FNDA:198,constructor
FNDA:3,getUSDPrice
FNDA:10,convertToUSD
FNDA:59,convertFromUSD
FNDA:17,updatePrice
FNDA:5,updatePrices
FNDA:36,addToken
FNDA:10,setBandFeed
FNDA:4,clearFeed
FNDA:4,removeToken
FNDA:5,setMaxPriceAge
FNDA:2,getSupportedTokens
FNDA:6,isPriceValid
FNDA:3,getTokenData
DA:112,109
DA:113,4
DA:115,105
DA:123,74
DA:124,74
DA:125,3
DA:126,3
DA:127,3
DA:128,0
DA:131,71
DA:132,71
DA:133,2
DA:136,72
DA:146,198
DA:149,198
DA:156,198
DA:157,198
DA:158,198
DA:175,3
DA:176,3
DA:177,1
DA:178,1
DA:180,2
DA:196,10
DA:198,9
DA:199,9
DA:200,9
DA:201,9
DA:202,1
DA:203,1
DA:207,9
DA:208,7
DA:211,2
DA:212,2
DA:215,0
DA:216,0
DA:219,9
DA:235,59
DA:237,58
DA:238,58
DA:239,58
DA:240,58
DA:241,1
DA:242,1
DA:246,58
DA:247,54
DA:250,3
DA:251,3
DA:254,1
DA:255,1
DA:258,58
DA:271,17
DA:273,16
DA:274,16
DA:276,16
DA:288,5
DA:290,4
DA:291,5
DA:292,1
DA:294,4
DA:296,3
DA:297,3
DA:299,3
DA:313,36
DA:314,35
DA:315,34
DA:317,33
DA:324,33
DA:326,33
DA:327,33
DA:343,10
DA:344,8
DA:345,7
DA:351,7
DA:358,4
DA:359,4
DA:367,4
DA:368,1
DA:370,3
DA:372,2
DA:375,2
DA:376,4
DA:377,2
DA:378,2
DA:379,2
DA:383,2
DA:391,5
DA:392,4
DA:402,2
DA:411,6
DA:412,5
DA:413,5
DA:414,2
DA:415,2
DA:416,2
DA:418,3
DA:427,3
LF:97
LH:94
BRDA:112,1,0,4
BRDA:112,1,1,105
BRDA:124,2,0,3
BRDA:124,2,1,71
BRDA:126,3,0,0
BRDA:126,3,1,3
BRDA:127,4,0,0
BRDA:127,4,1,3
BRDA:132,5,0,2
BRDA:132,5,1,69
BRDA:146,6,0,0
BRDA:146,6,1,198
BRDA:171,7,0,4
BRDA:171,7,1,0
BRDA:172,8,0,3
BRDA:172,8,1,1
BRDA:176,9,0,1
BRDA:176,9,1,2
BRDA:192,10,0,11
BRDA:192,10,1,2
BRDA:193,11,0,10
BRDA:193,11,1,1
BRDA:196,12,0,1
BRDA:196,12,1,9
BRDA:201,13,0,1
BRDA:201,13,1,8
BRDA:207,14,0,7
BRDA:207,14,1,2
BRDA:209,15,0,2
BRDA:209,15,1,0
BRDA:231,16,0,59
BRDA:231,16,1,1
BRDA:232,17,0,59
BRDA:232,17,1,0
BRDA:235,18,0,1
BRDA:235,18,1,58
BRDA:240,19,0,1
BRDA:240,19,1,57
BRDA:246,20,0,54
BRDA:246,20,1,4
BRDA:248,21,0,3
BRDA:248,21,1,1
BRDA:268,22,0,18
BRDA:268,22,1,0
BRDA:269,23,0,17
BRDA:269,23,1,1
BRDA:271,24,0,1
BRDA:271,24,1,16
BRDA:286,25,0,5
BRDA:286,25,1,0
BRDA:288,26,0,4
BRDA:288,26,1,1
BRDA:291,27,0,1
BRDA:291,27,1,4
BRDA:294,28,0,1
BRDA:294,28,1,3
BRDA:311,29,0,36
BRDA:311,29,1,1
BRDA:313,30,0,35
BRDA:313,30,1,1
BRDA:314,31,0,34
BRDA:314,31,1,1
BRDA:315,32,0,1
BRDA:315,32,1,33
BRDA:342,33,0,10
BRDA:342,33,1,0
BRDA:342,34,0,10
BRDA:342,34,1,0
BRDA:343,35,0,2
BRDA:343,35,1,8
BRDA:344,36,0,7
BRDA:344,36,1,1
BRDA:357,37,0,4
BRDA:357,37,1,0
BRDA:357,38,0,4
BRDA:357,38,1,0
BRDA:366,39,0,4
BRDA:366,39,1,0
BRDA:367,40,0,1
BRDA:367,40,1,3
BRDA:370,41,0,2
BRDA:370,41,1,1
BRDA:376,42,0,2
BRDA:376,42,1,2
BRDA:390,43,0,5
BRDA:390,43,1,1
BRDA:391,44,0,4
BRDA:391,44,1,1
BRDA:411,45,0,1
BRDA:411,45,1,5
BRDA:413,46,0,2
BRDA:413,46,1,3
BRDA:415,47,0,0
BRDA:415,47,1,2
BRF:94
BRH:80
end_of_record
TN:
SF:/mnt/d/Rede/Github/mzfshark/CryptoDraw/contracts/test/TestGameLibCaller.sol
FN:9,validateEasy
FN:13,packEasy
FN:17,unpackEasy
FN:21,countEasy
FN:25,validateSuper
FN:29,packSuper
FN:33,unpackSuper
FN:37,countSuper
FN:41,genEasy
FN:45,genSuper
FNF:10
FNH:9
FNDA:2,validateEasy
FNDA:2,packEasy
FNDA:1,unpackEasy
FNDA:1,countEasy
FNDA:2,validateSuper
FNDA:1,packSuper
FNDA:1,unpackSuper
FNDA:0,countSuper
FNDA:1,genEasy
FNDA:1,genSuper
DA:10,2
DA:14,2
DA:18,1
DA:22,1
DA:26,2
DA:30,1
DA:34,1
DA:38,0
DA:42,1
DA:46,1
LF:10
LH:9
BRF:0
BRH:0
end_of_record
TN:
SF:/mnt/d/Rede/Github/mzfshark/CryptoDraw/contracts/test/TestTicketNFCCaller.sol
FN:12,constructor
FN:16,callDecrement
FN:20,callUpdate
FN:24,callBurn
FNF:4
FNH:4
FNDA:15,constructor
FNDA:5,callDecrement
FNDA:4,callUpdate
FNDA:2,callBurn
DA:13,15
DA:17,5
DA:21,4
DA:25,2
LF:4
LH:4
BRF:0
BRH:0
end_of_record
TN:
SF:/mnt/d/Rede/Github/mzfshark/CryptoDraw/contracts/TicketNFT.sol
FN:88,constructor
FN:92,onlyCryptoDraw
FN:103,setCryptoDrawAddress
FN:125,mint
FN:154,burn
FN:168,updateStatus
FN:177,decrementRounds
FN:198,getTicket
FN:211,getTicketBasic
FN:231,isTicketActive
FN:242,getTicketStatus
FN:256,tokenURI
FN:308,_updateTicketStatus
FN:320,_getStatusName
FN:330,_beforeTokenTransfer
FN:349,_uint2str
FN:374,_base64Encode
FNF:17
FNH:17
FNDA:210,constructor
FNDA:126,onlyCryptoDraw
FNDA:82,setCryptoDrawAddress
FNDA:83,mint
FNDA:7,burn
FNDA:24,updateStatus
FNDA:8,decrementRounds
FNDA:27,getTicket
FNDA:1,getTicketBasic
FNDA:4,isTicketActive
FNDA:2,getTicketStatus
FNDA:9,tokenURI
FNDA:35,_updateTicketStatus
FNDA:8,_getStatusName
FNDA:91,_beforeTokenTransfer
FNDA:48,_uint2str
FNDA:8,_base64Encode
DA:93,126
DA:94,122
DA:104,82
DA:105,82
DA:126,83
DA:127,82
DA:129,80
DA:130,80
DA:132,80
DA:134,80
DA:145,80
DA:147,80
DA:155,7
DA:157,5
DA:158,5
DA:170,24
DA:178,8
DA:180,8
DA:181,8
DA:183,7
DA:186,7
DA:187,4
DA:203,27
DA:204,26
DA:221,1
DA:222,1
DA:223,1
DA:232,4
DA:233,4
DA:247,2
DA:248,2
DA:263,9
DA:265,8
DA:267,8
DA:268,8
DA:271,8
DA:274,8
DA:285,8
DA:300,8
DA:309,35
DA:311,32
DA:312,32
DA:314,32
DA:321,8
DA:322,3
DA:323,2
DA:324,1
DA:336,91
DA:339,91
DA:340,6
DA:350,48
DA:351,16
DA:353,32
DA:354,32
DA:355,32
DA:356,34
DA:357,34
DA:359,32
DA:360,32
DA:361,32
DA:362,32
DA:363,34
DA:364,34
DA:366,32
DA:375,8
DA:376,8
DA:377,8
DA:378,8
DA:380,8
DA:381,8
DA:382,8
DA:383,975
DA:384,975
DA:385,975
DA:387,975
DA:388,975
DA:389,975
DA:390,975
DA:392,975
DA:393,975
DA:394,975
DA:395,975
DA:398,8
LF:83
LH:83
BRDA:93,1,0,4
BRDA:93,1,1,122
BRDA:103,2,0,82
BRDA:103,2,1,1
BRDA:104,3,0,82
BRDA:104,3,1,0
BRDA:125,4,0,83
BRDA:125,4,1,2
BRDA:126,5,0,82
BRDA:126,5,1,1
BRDA:127,6,0,80
BRDA:127,6,1,2
BRDA:154,7,0,7
BRDA:154,7,1,2
BRDA:168,8,0,24
BRDA:168,8,1,0
BRDA:177,9,0,8
BRDA:177,9,1,0
BRDA:178,10,0,0
BRDA:178,10,1,8
BRDA:181,11,0,7
BRDA:181,11,1,1
BRDA:186,12,0,4
BRDA:186,12,1,3
BRDA:203,13,0,1
BRDA:203,13,1,26
BRDA:221,14,0,0
BRDA:221,14,1,1
BRDA:232,15,0,0
BRDA:232,15,1,4
BRDA:247,16,0,0
BRDA:247,16,1,2
BRDA:263,17,0,1
BRDA:263,17,1,8
BRDA:267,18,0,5
BRDA:267,18,1,3
BRDA:309,19,0,3
BRDA:309,19,1,32
BRDA:321,20,0,5
BRDA:321,20,1,3
BRDA:322,21,0,1
BRDA:322,21,1,2
BRDA:323,22,0,1
BRDA:323,22,1,1
BRDA:339,23,0,6
BRDA:339,23,1,85
BRDA:350,24,0,16
BRDA:350,24,1,32
BRDA:384,25,0,973
BRDA:384,25,1,2
BRDA:385,26,0,968
BRDA:385,26,1,7
BRDA:394,27,0,975
BRDA:394,27,1,0
BRDA:395,28,0,975
BRDA:395,28,1,0
BRF:56
BRH:47
end_of_record
